{"D:\\Careerion\\Frontend\\src\\App.tsx": {"path":"D:\\Careerion\\Frontend\\src\\App.tsx","statementMap":{"0":{"start":{"line":18,"column":16},"end":{"line":18,"column":null}},"1":{"start":{"line":82,"column":6},"end":{"line":82,"column":null}},"2":{"start":{"line":83,"column":22},"end":{"line":89,"column":null}},"3":{"start":{"line":84,"column":8},"end":{"line":84,"column":null}},"4":{"start":{"line":85,"column":2},"end":{"line":87,"column":null}},"5":{"start":{"line":86,"column":4},"end":{"line":86,"column":null}},"6":{"start":{"line":88,"column":2},"end":{"line":88,"column":null}},"7":{"start":{"line":97,"column":32},"end":{"line":107,"column":null}},"8":{"start":{"line":98,"column":2},"end":{"line":107,"column":null}},"9":{"start":{"line":109,"column":32},"end":{"line":112,"column":null}},"10":{"start":{"line":110,"column":2},"end":{"line":112,"column":null}},"11":{"start":{"line":116,"column":28},"end":{"line":133,"column":null}},"12":{"start":{"line":117,"column":2},"end":{"line":131,"column":null}},"13":{"start":{"line":136,"column":19},"end":{"line":182,"column":null}},"14":{"start":{"line":137,"column":45},"end":{"line":137,"column":null}},"15":{"start":{"line":139,"column":2},"end":{"line":180,"column":null}},"16":{"start":{"line":166,"column":29},"end":{"line":166,"column":null}},"17":{"start":{"line":172,"column":29},"end":{"line":172,"column":null}},"18":{"start":{"line":184,"column":24},"end":{"line":209,"column":null}},"19":{"start":{"line":186,"column":2},"end":{"line":207,"column":null}},"20":{"start":{"line":216,"column":24},"end":{"line":226,"column":null}},"21":{"start":{"line":217,"column":2},"end":{"line":224,"column":null}},"22":{"start":{"line":229,"column":80},"end":{"line":229,"column":null}},"23":{"start":{"line":229,"column":107},"end":{"line":229,"column":844}},"24":{"start":{"line":229,"column":335},"end":{"line":229,"column":826}},"25":{"start":{"line":229,"column":787},"end":{"line":229,"column":811}},"26":{"start":{"line":230,"column":56},"end":{"line":230,"column":null}},"27":{"start":{"line":230,"column":110},"end":{"line":230,"column":151}},"28":{"start":{"line":230,"column":173},"end":{"line":230,"column":191}},"29":{"start":{"line":230,"column":221},"end":{"line":230,"column":242}},"30":{"start":{"line":230,"column":268},"end":{"line":230,"column":945}},"31":{"start":{"line":230,"column":282},"end":{"line":230,"column":328}},"32":{"start":{"line":230,"column":320},"end":{"line":230,"column":328}},"33":{"start":{"line":230,"column":357},"end":{"line":230,"column":390}},"34":{"start":{"line":230,"column":410},"end":{"line":230,"column":438}},"35":{"start":{"line":230,"column":438},"end":{"line":230,"column":464}},"36":{"start":{"line":230,"column":464},"end":{"line":230,"column":478}},"37":{"start":{"line":230,"column":478},"end":{"line":230,"column":498}},"38":{"start":{"line":230,"column":514},"end":{"line":230,"column":621}},"39":{"start":{"line":230,"column":538},"end":{"line":230,"column":618}},"40":{"start":{"line":230,"column":621},"end":{"line":230,"column":942}},"41":{"start":{"line":230,"column":639},"end":{"line":230,"column":705}},"42":{"start":{"line":230,"column":705},"end":{"line":230,"column":780}},"43":{"start":{"line":230,"column":725},"end":{"line":230,"column":777}},"44":{"start":{"line":230,"column":798},"end":{"line":230,"column":820}},"45":{"start":{"line":230,"column":820},"end":{"line":230,"column":907}},"46":{"start":{"line":230,"column":840},"end":{"line":230,"column":904}},"47":{"start":{"line":230,"column":919},"end":{"line":230,"column":940}},"48":{"start":{"line":230,"column":945},"end":{"line":230,"column":1786}},"49":{"start":{"line":230,"column":1230},"end":{"line":230,"column":1256}},"50":{"start":{"line":230,"column":1314},"end":{"line":230,"column":1356}},"51":{"start":{"line":231,"column":103},"end":{"line":659,"column":null}},"52":{"start":{"line":232,"column":36},"end":{"line":232,"column":null}},"53":{"start":{"line":233,"column":30},"end":{"line":267,"column":null}},"54":{"start":{"line":269,"column":23},"end":{"line":271,"column":null}},"55":{"start":{"line":270,"column":4},"end":{"line":270,"column":null}},"56":{"start":{"line":273,"column":23},"end":{"line":276,"column":null}},"57":{"start":{"line":274,"column":4},"end":{"line":274,"column":null}},"58":{"start":{"line":275,"column":4},"end":{"line":275,"column":null}},"59":{"start":{"line":278,"column":19},"end":{"line":278,"column":null}},"60":{"start":{"line":278,"column":25},"end":{"line":278,"column":null}},"61":{"start":{"line":278,"column":48},"end":{"line":278,"column":69}},"62":{"start":{"line":279,"column":19},"end":{"line":279,"column":null}},"63":{"start":{"line":279,"column":25},"end":{"line":279,"column":null}},"64":{"start":{"line":279,"column":48},"end":{"line":279,"column":69}},"65":{"start":{"line":281,"column":21},"end":{"line":575,"column":null}},"66":{"start":{"line":282,"column":4},"end":{"line":574,"column":null}},"67":{"start":{"line":284,"column":8},"end":{"line":338,"column":null}},"68":{"start":{"line":342,"column":8},"end":{"line":425,"column":null}},"69":{"start":{"line":429,"column":8},"end":{"line":486,"column":null}},"70":{"start":{"line":490,"column":8},"end":{"line":569,"column":null}},"71":{"start":{"line":573,"column":8},"end":{"line":573,"column":null}},"72":{"start":{"line":577,"column":2},"end":{"line":657,"column":null}},"73":{"start":{"line":595,"column":10},"end":{"line":605,"column":null}},"74":{"start":{"line":660,"column":26},"end":{"line":662,"column":null}},"75":{"start":{"line":661,"column":2},"end":{"line":661,"column":null}},"76":{"start":{"line":665,"column":32},"end":{"line":761,"column":null}},"77":{"start":{"line":666,"column":44},"end":{"line":666,"column":null}},"78":{"start":{"line":667,"column":42},"end":{"line":667,"column":null}},"79":{"start":{"line":668,"column":32},"end":{"line":668,"column":null}},"80":{"start":{"line":669,"column":24},"end":{"line":669,"column":null}},"81":{"start":{"line":672,"column":22},"end":{"line":689,"column":null}},"82":{"start":{"line":673,"column":4},"end":{"line":673,"column":null}},"83":{"start":{"line":673,"column":15},"end":{"line":673,"column":null}},"84":{"start":{"line":674,"column":18},"end":{"line":677,"column":null}},"85":{"start":{"line":675,"column":46},"end":{"line":675,"column":76}},"86":{"start":{"line":676,"column":41},"end":{"line":676,"column":62}},"87":{"start":{"line":678,"column":18},"end":{"line":678,"column":null}},"88":{"start":{"line":679,"column":4},"end":{"line":679,"column":null}},"89":{"start":{"line":679,"column":22},"end":{"line":679,"column":null}},"90":{"start":{"line":680,"column":4},"end":{"line":680,"column":null}},"91":{"start":{"line":682,"column":4},"end":{"line":682,"column":null}},"92":{"start":{"line":682,"column":10},"end":{"line":682,"column":38}},"93":{"start":{"line":684,"column":4},"end":{"line":687,"column":null}},"94":{"start":{"line":684,"column":17},"end":{"line":684,"column":33}},"95":{"start":{"line":685,"column":24},"end":{"line":685,"column":null}},"96":{"start":{"line":686,"column":6},"end":{"line":686,"column":null}},"97":{"start":{"line":686,"column":12},"end":{"line":686,"column":42}},"98":{"start":{"line":688,"column":4},"end":{"line":688,"column":null}},"99":{"start":{"line":691,"column":35},"end":{"line":726,"column":null}},"100":{"start":{"line":692,"column":4},"end":{"line":692,"column":null}},"101":{"start":{"line":693,"column":4},"end":{"line":693,"column":null}},"102":{"start":{"line":694,"column":19},"end":{"line":694,"column":null}},"103":{"start":{"line":695,"column":38},"end":{"line":695,"column":null}},"104":{"start":{"line":696,"column":4},"end":{"line":725,"column":null}},"105":{"start":{"line":697,"column":18},"end":{"line":701,"column":null}},"106":{"start":{"line":703,"column":24},"end":{"line":703,"column":null}},"107":{"start":{"line":704,"column":6},"end":{"line":706,"column":null}},"108":{"start":{"line":705,"column":8},"end":{"line":705,"column":null}},"109":{"start":{"line":707,"column":6},"end":{"line":707,"column":null}},"110":{"start":{"line":707,"column":19},"end":{"line":707,"column":null}},"111":{"start":{"line":710,"column":6},"end":{"line":710,"column":null}},"112":{"start":{"line":710,"column":34},"end":{"line":710,"column":null}},"113":{"start":{"line":711,"column":49},"end":{"line":715,"column":null}},"114":{"start":{"line":711,"column":76},"end":{"line":715,"column":8}},"115":{"start":{"line":714,"column":85},"end":{"line":714,"column":94}},"116":{"start":{"line":717,"column":6},"end":{"line":717,"column":null}},"117":{"start":{"line":718,"column":6},"end":{"line":718,"column":null}},"118":{"start":{"line":719,"column":6},"end":{"line":719,"column":null}},"119":{"start":{"line":721,"column":6},"end":{"line":721,"column":null}},"120":{"start":{"line":722,"column":6},"end":{"line":722,"column":null}},"121":{"start":{"line":724,"column":6},"end":{"line":724,"column":null}},"122":{"start":{"line":728,"column":2},"end":{"line":759,"column":null}},"123":{"start":{"line":763,"column":21},"end":{"line":778,"column":null}},"124":{"start":{"line":764,"column":26},"end":{"line":764,"column":null}},"125":{"start":{"line":767,"column":2},"end":{"line":769,"column":null}},"126":{"start":{"line":768,"column":4},"end":{"line":768,"column":null}},"127":{"start":{"line":772,"column":2},"end":{"line":776,"column":null}},"128":{"start":{"line":779,"column":22},"end":{"line":779,"column":null}},"129":{"start":{"line":779,"column":30},"end":{"line":779,"column":100}},"130":{"start":{"line":781,"column":27},"end":{"line":790,"column":null}},"131":{"start":{"line":782,"column":43},"end":{"line":782,"column":null}},"132":{"start":{"line":783,"column":4},"end":{"line":785,"column":null}},"133":{"start":{"line":784,"column":8},"end":{"line":784,"column":null}},"134":{"start":{"line":786,"column":4},"end":{"line":788,"column":null}},"135":{"start":{"line":787,"column":8},"end":{"line":787,"column":null}},"136":{"start":{"line":789,"column":4},"end":{"line":789,"column":null}},"137":{"start":{"line":793,"column":38},"end":{"line":1018,"column":null}},"138":{"start":{"line":794,"column":30},"end":{"line":794,"column":null}},"139":{"start":{"line":795,"column":32},"end":{"line":795,"column":null}},"140":{"start":{"line":796,"column":24},"end":{"line":796,"column":null}},"141":{"start":{"line":797,"column":22},"end":{"line":797,"column":null}},"142":{"start":{"line":799,"column":2},"end":{"line":801,"column":null}},"143":{"start":{"line":800,"column":4},"end":{"line":800,"column":null}},"144":{"start":{"line":803,"column":20},"end":{"line":803,"column":null}},"145":{"start":{"line":806,"column":35},"end":{"line":821,"column":null}},"146":{"start":{"line":807,"column":4},"end":{"line":820,"column":null}},"147":{"start":{"line":808,"column":6},"end":{"line":808,"column":null}},"148":{"start":{"line":809,"column":6},"end":{"line":809,"column":null}},"149":{"start":{"line":810,"column":18},"end":{"line":812,"column":null}},"150":{"start":{"line":813,"column":6},"end":{"line":813,"column":null}},"151":{"start":{"line":814,"column":6},"end":{"line":814,"column":null}},"152":{"start":{"line":816,"column":6},"end":{"line":816,"column":null}},"153":{"start":{"line":817,"column":6},"end":{"line":817,"column":null}},"154":{"start":{"line":819,"column":6},"end":{"line":819,"column":null}},"155":{"start":{"line":825,"column":28},"end":{"line":828,"column":null}},"156":{"start":{"line":826,"column":4},"end":{"line":826,"column":null}},"157":{"start":{"line":827,"column":4},"end":{"line":827,"column":null}},"158":{"start":{"line":830,"column":23},"end":{"line":844,"column":null}},"159":{"start":{"line":831,"column":4},"end":{"line":831,"column":null}},"160":{"start":{"line":832,"column":4},"end":{"line":832,"column":null}},"161":{"start":{"line":833,"column":4},"end":{"line":833,"column":null}},"162":{"start":{"line":834,"column":21},"end":{"line":834,"column":null}},"163":{"start":{"line":835,"column":4},"end":{"line":843,"column":null}},"164":{"start":{"line":836,"column":23},"end":{"line":836,"column":null}},"165":{"start":{"line":837,"column":6},"end":{"line":837,"column":null}},"166":{"start":{"line":838,"column":6},"end":{"line":838,"column":null}},"167":{"start":{"line":840,"column":6},"end":{"line":840,"column":null}},"168":{"start":{"line":842,"column":6},"end":{"line":842,"column":null}},"169":{"start":{"line":846,"column":2},"end":{"line":846,"column":null}},"170":{"start":{"line":846,"column":15},"end":{"line":846,"column":null}},"171":{"start":{"line":848,"column":2},"end":{"line":1016,"column":null}},"172":{"start":{"line":852,"column":24},"end":{"line":852,"column":null}},"173":{"start":{"line":911,"column":22},"end":{"line":911,"column":null}},"174":{"start":{"line":973,"column":20},"end":{"line":973,"column":null}},"175":{"start":{"line":974,"column":20},"end":{"line":974,"column":null}},"176":{"start":{"line":994,"column":35},"end":{"line":994,"column":null}},"177":{"start":{"line":1005,"column":35},"end":{"line":1005,"column":null}},"178":{"start":{"line":1021,"column":49},"end":{"line":1087,"column":null}},"179":{"start":{"line":1022,"column":36},"end":{"line":1022,"column":null}},"180":{"start":{"line":1023,"column":36},"end":{"line":1023,"column":null}},"181":{"start":{"line":1024,"column":30},"end":{"line":1024,"column":null}},"182":{"start":{"line":1025,"column":40},"end":{"line":1025,"column":null}},"183":{"start":{"line":1026,"column":8},"end":{"line":1026,"column":null}},"184":{"start":{"line":1029,"column":2},"end":{"line":1031,"column":null}},"185":{"start":{"line":1030,"column":4},"end":{"line":1030,"column":null}},"186":{"start":{"line":1033,"column":2},"end":{"line":1044,"column":null}},"187":{"start":{"line":1034,"column":23},"end":{"line":1034,"column":null}},"188":{"start":{"line":1035,"column":4},"end":{"line":1042,"column":null}},"189":{"start":{"line":1036,"column":6},"end":{"line":1041,"column":null}},"190":{"start":{"line":1037,"column":8},"end":{"line":1037,"column":null}},"191":{"start":{"line":1039,"column":8},"end":{"line":1039,"column":null}},"192":{"start":{"line":1040,"column":8},"end":{"line":1040,"column":null}},"193":{"start":{"line":1043,"column":4},"end":{"line":1043,"column":null}},"194":{"start":{"line":1046,"column":20},"end":{"line":1049,"column":null}},"195":{"start":{"line":1047,"column":4},"end":{"line":1047,"column":null}},"196":{"start":{"line":1048,"column":4},"end":{"line":1048,"column":null}},"197":{"start":{"line":1051,"column":21},"end":{"line":1051,"column":null}},"198":{"start":{"line":1051,"column":27},"end":{"line":1051,"column":null}},"199":{"start":{"line":1053,"column":16},"end":{"line":1059,"column":null}},"200":{"start":{"line":1054,"column":4},"end":{"line":1054,"column":null}},"201":{"start":{"line":1055,"column":4},"end":{"line":1055,"column":null}},"202":{"start":{"line":1056,"column":4},"end":{"line":1056,"column":null}},"203":{"start":{"line":1057,"column":4},"end":{"line":1057,"column":null}},"204":{"start":{"line":1058,"column":4},"end":{"line":1058,"column":null}},"205":{"start":{"line":1061,"column":17},"end":{"line":1066,"column":null}},"206":{"start":{"line":1062,"column":4},"end":{"line":1062,"column":null}},"207":{"start":{"line":1063,"column":4},"end":{"line":1063,"column":null}},"208":{"start":{"line":1064,"column":4},"end":{"line":1064,"column":null}},"209":{"start":{"line":1065,"column":4},"end":{"line":1065,"column":null}},"210":{"start":{"line":1068,"column":39},"end":{"line":1076,"column":null}},"211":{"start":{"line":1078,"column":2},"end":{"line":1085,"column":null}},"212":{"start":{"line":1091,"column":27},"end":{"line":1091,"column":null}},"213":{"start":{"line":1093,"column":4},"end":{"line":1095,"column":null}},"214":{"start":{"line":1094,"column":8},"end":{"line":1094,"column":null}},"215":{"start":{"line":1097,"column":4},"end":{"line":1115,"column":null}},"216":{"start":{"line":1100,"column":37},"end":{"line":1100,"column":null}},"217":{"start":{"line":1101,"column":39},"end":{"line":1101,"column":null}}},"fnMap":{"0":{"name":"(anonymous_0)","decl":{"start":{"line":83,"column":22},"end":{"line":83,"column":28}},"loc":{"start":{"line":83,"column":28},"end":{"line":89,"column":null}},"line":83},"1":{"name":"(anonymous_1)","decl":{"start":{"line":97,"column":32},"end":{"line":97,"column":33}},"loc":{"start":{"line":98,"column":2},"end":{"line":107,"column":null}},"line":98},"2":{"name":"(anonymous_2)","decl":{"start":{"line":109,"column":32},"end":{"line":109,"column":33}},"loc":{"start":{"line":110,"column":2},"end":{"line":112,"column":null}},"line":110},"3":{"name":"(anonymous_3)","decl":{"start":{"line":116,"column":28},"end":{"line":116,"column":34}},"loc":{"start":{"line":116,"column":34},"end":{"line":133,"column":null}},"line":116},"4":{"name":"(anonymous_4)","decl":{"start":{"line":136,"column":19},"end":{"line":136,"column":25}},"loc":{"start":{"line":136,"column":25},"end":{"line":182,"column":null}},"line":136},"5":{"name":"(anonymous_5)","decl":{"start":{"line":166,"column":23},"end":{"line":166,"column":29}},"loc":{"start":{"line":166,"column":29},"end":{"line":166,"column":null}},"line":166},"6":{"name":"(anonymous_6)","decl":{"start":{"line":172,"column":23},"end":{"line":172,"column":29}},"loc":{"start":{"line":172,"column":29},"end":{"line":172,"column":null}},"line":172},"7":{"name":"(anonymous_7)","decl":{"start":{"line":184,"column":24},"end":{"line":184,"column":30}},"loc":{"start":{"line":184,"column":30},"end":{"line":209,"column":null}},"line":184},"8":{"name":"(anonymous_8)","decl":{"start":{"line":216,"column":24},"end":{"line":216,"column":30}},"loc":{"start":{"line":216,"column":30},"end":{"line":226,"column":null}},"line":216},"9":{"name":"(anonymous_9)","decl":{"start":{"line":229,"column":80},"end":{"line":229,"column":81}},"loc":{"start":{"line":229,"column":105},"end":{"line":229,"column":null}},"line":229},"10":{"name":"(anonymous_10)","decl":{"start":{"line":229,"column":317},"end":{"line":229,"column":318}},"loc":{"start":{"line":229,"column":335},"end":{"line":229,"column":826}},"line":229},"11":{"name":"(anonymous_11)","decl":{"start":{"line":229,"column":773},"end":{"line":229,"column":774}},"loc":{"start":{"line":229,"column":787},"end":{"line":229,"column":811}},"line":229},"12":{"name":"(anonymous_12)","decl":{"start":{"line":230,"column":56},"end":{"line":230,"column":57}},"loc":{"start":{"line":230,"column":80},"end":{"line":230,"column":null}},"line":230},"13":{"name":"(anonymous_13)","decl":{"start":{"line":230,"column":268},"end":{"line":230,"column":280}},"loc":{"start":{"line":230,"column":280},"end":{"line":230,"column":945}},"line":230},"14":{"name":"(anonymous_14)","decl":{"start":{"line":230,"column":530},"end":{"line":230,"column":538}},"loc":{"start":{"line":230,"column":538},"end":{"line":230,"column":618}},"line":230},"15":{"name":"(anonymous_15)","decl":{"start":{"line":230,"column":717},"end":{"line":230,"column":725}},"loc":{"start":{"line":230,"column":725},"end":{"line":230,"column":777}},"line":230},"16":{"name":"(anonymous_16)","decl":{"start":{"line":230,"column":832},"end":{"line":230,"column":840}},"loc":{"start":{"line":230,"column":840},"end":{"line":230,"column":904}},"line":230},"17":{"name":"(anonymous_17)","decl":{"start":{"line":230,"column":1223},"end":{"line":230,"column":1224}},"loc":{"start":{"line":230,"column":1230},"end":{"line":230,"column":1256}},"line":230},"18":{"name":"(anonymous_18)","decl":{"start":{"line":230,"column":1268},"end":{"line":230,"column":1269}},"loc":{"start":{"line":230,"column":1314},"end":{"line":230,"column":1356}},"line":230},"19":{"name":"(anonymous_19)","decl":{"start":{"line":231,"column":103},"end":{"line":231,"column":104}},"loc":{"start":{"line":231,"column":144},"end":{"line":659,"column":null}},"line":231},"20":{"name":"(anonymous_20)","decl":{"start":{"line":269,"column":23},"end":{"line":269,"column":24}},"loc":{"start":{"line":269,"column":109},"end":{"line":271,"column":null}},"line":269},"21":{"name":"(anonymous_21)","decl":{"start":{"line":273,"column":23},"end":{"line":273,"column":24}},"loc":{"start":{"line":273,"column":47},"end":{"line":276,"column":null}},"line":273},"22":{"name":"(anonymous_22)","decl":{"start":{"line":278,"column":19},"end":{"line":278,"column":25}},"loc":{"start":{"line":278,"column":25},"end":{"line":278,"column":null}},"line":278},"23":{"name":"(anonymous_23)","decl":{"start":{"line":278,"column":40},"end":{"line":278,"column":48}},"loc":{"start":{"line":278,"column":48},"end":{"line":278,"column":69}},"line":278},"24":{"name":"(anonymous_24)","decl":{"start":{"line":279,"column":19},"end":{"line":279,"column":25}},"loc":{"start":{"line":279,"column":25},"end":{"line":279,"column":null}},"line":279},"25":{"name":"(anonymous_25)","decl":{"start":{"line":279,"column":40},"end":{"line":279,"column":48}},"loc":{"start":{"line":279,"column":48},"end":{"line":279,"column":69}},"line":279},"26":{"name":"(anonymous_26)","decl":{"start":{"line":281,"column":21},"end":{"line":281,"column":27}},"loc":{"start":{"line":281,"column":27},"end":{"line":575,"column":null}},"line":281},"27":{"name":"(anonymous_27)","decl":{"start":{"line":594,"column":26},"end":{"line":594,"column":27}},"loc":{"start":{"line":595,"column":10},"end":{"line":605,"column":null}},"line":595},"28":{"name":"(anonymous_28)","decl":{"start":{"line":660,"column":26},"end":{"line":660,"column":32}},"loc":{"start":{"line":660,"column":32},"end":{"line":662,"column":null}},"line":660},"29":{"name":"(anonymous_29)","decl":{"start":{"line":665,"column":32},"end":{"line":665,"column":38}},"loc":{"start":{"line":665,"column":38},"end":{"line":761,"column":null}},"line":665},"30":{"name":"(anonymous_30)","decl":{"start":{"line":672,"column":22},"end":{"line":672,"column":23}},"loc":{"start":{"line":672,"column":52},"end":{"line":689,"column":null}},"line":672},"31":{"name":"(anonymous_31)","decl":{"start":{"line":675,"column":39},"end":{"line":675,"column":40}},"loc":{"start":{"line":675,"column":46},"end":{"line":675,"column":76}},"line":675},"32":{"name":"(anonymous_32)","decl":{"start":{"line":676,"column":34},"end":{"line":676,"column":35}},"loc":{"start":{"line":676,"column":41},"end":{"line":676,"column":62}},"line":676},"33":{"name":"(anonymous_33)","decl":{"start":{"line":691,"column":35},"end":{"line":691,"column":42}},"loc":{"start":{"line":691,"column":75},"end":{"line":726,"column":null}},"line":691},"34":{"name":"(anonymous_34)","decl":{"start":{"line":711,"column":60},"end":{"line":711,"column":61}},"loc":{"start":{"line":711,"column":76},"end":{"line":715,"column":8}},"line":711},"35":{"name":"(anonymous_35)","decl":{"start":{"line":714,"column":73},"end":{"line":714,"column":74}},"loc":{"start":{"line":714,"column":85},"end":{"line":714,"column":94}},"line":714},"36":{"name":"(anonymous_36)","decl":{"start":{"line":763,"column":21},"end":{"line":763,"column":27}},"loc":{"start":{"line":763,"column":27},"end":{"line":778,"column":null}},"line":763},"37":{"name":"(anonymous_37)","decl":{"start":{"line":779,"column":22},"end":{"line":779,"column":28}},"loc":{"start":{"line":779,"column":28},"end":{"line":779,"column":null}},"line":779},"38":{"name":"(anonymous_38)","decl":{"start":{"line":781,"column":27},"end":{"line":781,"column":33}},"loc":{"start":{"line":781,"column":33},"end":{"line":790,"column":null}},"line":781},"39":{"name":"(anonymous_39)","decl":{"start":{"line":793,"column":38},"end":{"line":793,"column":39}},"loc":{"start":{"line":793,"column":76},"end":{"line":1018,"column":null}},"line":793},"40":{"name":"(anonymous_40)","decl":{"start":{"line":799,"column":12},"end":{"line":799,"column":18}},"loc":{"start":{"line":799,"column":18},"end":{"line":801,"column":5}},"line":799},"41":{"name":"(anonymous_41)","decl":{"start":{"line":806,"column":35},"end":{"line":806,"column":42}},"loc":{"start":{"line":806,"column":70},"end":{"line":821,"column":null}},"line":806},"42":{"name":"(anonymous_42)","decl":{"start":{"line":825,"column":28},"end":{"line":825,"column":29}},"loc":{"start":{"line":825,"column":72},"end":{"line":828,"column":null}},"line":825},"43":{"name":"(anonymous_43)","decl":{"start":{"line":830,"column":23},"end":{"line":830,"column":30}},"loc":{"start":{"line":830,"column":53},"end":{"line":844,"column":null}},"line":830},"44":{"name":"(anonymous_44)","decl":{"start":{"line":852,"column":17},"end":{"line":852,"column":18}},"loc":{"start":{"line":852,"column":24},"end":{"line":852,"column":null}},"line":852},"45":{"name":"(anonymous_45)","decl":{"start":{"line":910,"column":29},"end":{"line":910,"column":35}},"loc":{"start":{"line":910,"column":35},"end":{"line":912,"column":null}},"line":910},"46":{"name":"(anonymous_46)","decl":{"start":{"line":972,"column":27},"end":{"line":972,"column":33}},"loc":{"start":{"line":972,"column":33},"end":{"line":975,"column":null}},"line":972},"47":{"name":"(anonymous_47)","decl":{"start":{"line":994,"column":29},"end":{"line":994,"column":35}},"loc":{"start":{"line":994,"column":35},"end":{"line":994,"column":null}},"line":994},"48":{"name":"(anonymous_48)","decl":{"start":{"line":1005,"column":29},"end":{"line":1005,"column":35}},"loc":{"start":{"line":1005,"column":35},"end":{"line":1005,"column":null}},"line":1005},"49":{"name":"(anonymous_49)","decl":{"start":{"line":1021,"column":49},"end":{"line":1021,"column":50}},"loc":{"start":{"line":1021,"column":67},"end":{"line":1087,"column":null}},"line":1021},"50":{"name":"(anonymous_50)","decl":{"start":{"line":1029,"column":12},"end":{"line":1029,"column":18}},"loc":{"start":{"line":1029,"column":18},"end":{"line":1031,"column":5}},"line":1029},"51":{"name":"(anonymous_51)","decl":{"start":{"line":1033,"column":12},"end":{"line":1033,"column":18}},"loc":{"start":{"line":1033,"column":18},"end":{"line":1044,"column":5}},"line":1033},"52":{"name":"(anonymous_52)","decl":{"start":{"line":1046,"column":20},"end":{"line":1046,"column":21}},"loc":{"start":{"line":1046,"column":50},"end":{"line":1049,"column":null}},"line":1046},"53":{"name":"(anonymous_53)","decl":{"start":{"line":1051,"column":21},"end":{"line":1051,"column":27}},"loc":{"start":{"line":1051,"column":27},"end":{"line":1051,"column":null}},"line":1051},"54":{"name":"(anonymous_54)","decl":{"start":{"line":1053,"column":16},"end":{"line":1053,"column":17}},"loc":{"start":{"line":1053,"column":47},"end":{"line":1059,"column":null}},"line":1053},"55":{"name":"(anonymous_55)","decl":{"start":{"line":1061,"column":17},"end":{"line":1061,"column":23}},"loc":{"start":{"line":1061,"column":23},"end":{"line":1066,"column":null}},"line":1061},"56":{"name":"AppWrapper","decl":{"start":{"line":1090,"column":24},"end":{"line":1090,"column":37}},"loc":{"start":{"line":1090,"column":37},"end":{"line":1117,"column":null}},"line":1090},"57":{"name":"(anonymous_57)","decl":{"start":{"line":1100,"column":31},"end":{"line":1100,"column":37}},"loc":{"start":{"line":1100,"column":37},"end":{"line":1100,"column":null}},"line":1100},"58":{"name":"(anonymous_58)","decl":{"start":{"line":1101,"column":33},"end":{"line":1101,"column":39}},"loc":{"start":{"line":1101,"column":39},"end":{"line":1101,"column":null}},"line":1101}},"branchMap":{"0":{"loc":{"start":{"line":85,"column":2},"end":{"line":87,"column":null}},"type":"if","locations":[{"start":{"line":85,"column":2},"end":{"line":87,"column":null}},{"start":{},"end":{}}],"line":85},"1":{"loc":{"start":{"line":97,"column":35},"end":{"line":97,"column":50}},"type":"default-arg","locations":[{"start":{"line":97,"column":47},"end":{"line":97,"column":50}}],"line":97},"2":{"loc":{"start":{"line":109,"column":35},"end":{"line":109,"column":50}},"type":"default-arg","locations":[{"start":{"line":109,"column":47},"end":{"line":109,"column":50}}],"line":109},"3":{"loc":{"start":{"line":151,"column":9},"end":{"line":177,"column":null}},"type":"cond-expr","locations":[{"start":{"line":152,"column":10},"end":{"line":162,"column":null}},{"start":{"line":164,"column":10},"end":{"line":177,"column":null}}],"line":151},"4":{"loc":{"start":{"line":230,"column":282},"end":{"line":230,"column":328}},"type":"if","locations":[{"start":{"line":230,"column":282},"end":{"line":230,"column":328}},{"start":{},"end":{}}],"line":230},"5":{"loc":{"start":{"line":230,"column":286},"end":{"line":230,"column":320}},"type":"binary-expr","locations":[{"start":{"line":230,"column":286},"end":{"line":230,"column":309}},{"start":{"line":230,"column":309},"end":{"line":230,"column":320}}],"line":230},"6":{"loc":{"start":{"line":230,"column":546},"end":{"line":230,"column":588}},"type":"cond-expr","locations":[{"start":{"line":230,"column":570},"end":{"line":230,"column":579}},{"start":{"line":230,"column":579},"end":{"line":230,"column":588}}],"line":230},"7":{"loc":{"start":{"line":230,"column":1314},"end":{"line":230,"column":1356}},"type":"binary-expr","locations":[{"start":{"line":230,"column":1314},"end":{"line":230,"column":1335}},{"start":{"line":230,"column":1335},"end":{"line":230,"column":1356}}],"line":230},"8":{"loc":{"start":{"line":282,"column":4},"end":{"line":574,"column":null}},"type":"switch","locations":[{"start":{"line":283,"column":6},"end":{"line":338,"column":null}},{"start":{"line":341,"column":6},"end":{"line":425,"column":null}},{"start":{"line":428,"column":6},"end":{"line":486,"column":null}},{"start":{"line":489,"column":6},"end":{"line":569,"column":null}},{"start":{"line":572,"column":6},"end":{"line":573,"column":null}}],"line":282},"9":{"loc":{"start":{"line":598,"column":16},"end":{"line":599,"column":null}},"type":"cond-expr","locations":[{"start":{"line":598,"column":37},"end":{"line":598,"column":null}},{"start":{"line":599,"column":16},"end":{"line":599,"column":null}}],"line":598},"10":{"loc":{"start":{"line":599,"column":16},"end":{"line":599,"column":null}},"type":"cond-expr","locations":[{"start":{"line":599,"column":39},"end":{"line":599,"column":50}},{"start":{"line":599,"column":50},"end":{"line":599,"column":null}}],"line":599},"11":{"loc":{"start":{"line":602,"column":13},"end":{"line":603,"column":null}},"type":"binary-expr","locations":[{"start":{"line":602,"column":13},"end":{"line":602,"column":null}},{"start":{"line":603,"column":14},"end":{"line":603,"column":null}}],"line":602},"12":{"loc":{"start":{"line":603,"column":47},"end":{"line":603,"column":118}},"type":"cond-expr","locations":[{"start":{"line":603,"column":68},"end":{"line":603,"column":82}},{"start":{"line":603,"column":82},"end":{"line":603,"column":118}}],"line":603},"13":{"loc":{"start":{"line":603,"column":82},"end":{"line":603,"column":118}},"type":"cond-expr","locations":[{"start":{"line":603,"column":105},"end":{"line":603,"column":116}},{"start":{"line":603,"column":116},"end":{"line":603,"column":118}}],"line":603},"14":{"loc":{"start":{"line":636,"column":15},"end":{"line":651,"column":null}},"type":"cond-expr","locations":[{"start":{"line":637,"column":16},"end":{"line":643,"column":null}},{"start":{"line":645,"column":16},"end":{"line":651,"column":null}}],"line":636},"15":{"loc":{"start":{"line":648,"column":44},"end":{"line":648,"column":74}},"type":"cond-expr","locations":[{"start":{"line":648,"column":56},"end":{"line":648,"column":72}},{"start":{"line":648,"column":72},"end":{"line":648,"column":74}}],"line":648},"16":{"loc":{"start":{"line":650,"column":19},"end":{"line":650,"column":null}},"type":"cond-expr","locations":[{"start":{"line":650,"column":31},"end":{"line":650,"column":61}},{"start":{"line":650,"column":61},"end":{"line":650,"column":null}}],"line":650},"17":{"loc":{"start":{"line":673,"column":4},"end":{"line":673,"column":null}},"type":"if","locations":[{"start":{"line":673,"column":4},"end":{"line":673,"column":null}},{"start":{},"end":{}}],"line":673},"18":{"loc":{"start":{"line":679,"column":4},"end":{"line":679,"column":null}},"type":"if","locations":[{"start":{"line":679,"column":4},"end":{"line":679,"column":null}},{"start":{},"end":{}}],"line":679},"19":{"loc":{"start":{"line":703,"column":24},"end":{"line":703,"column":null}},"type":"binary-expr","locations":[{"start":{"line":703,"column":24},"end":{"line":703,"column":42}},{"start":{"line":703,"column":42},"end":{"line":703,"column":null}}],"line":703},"20":{"loc":{"start":{"line":704,"column":6},"end":{"line":706,"column":null}},"type":"if","locations":[{"start":{"line":704,"column":6},"end":{"line":706,"column":null}},{"start":{},"end":{}}],"line":704},"21":{"loc":{"start":{"line":705,"column":29},"end":{"line":705,"column":53}},"type":"binary-expr","locations":[{"start":{"line":705,"column":29},"end":{"line":705,"column":51}},{"start":{"line":705,"column":51},"end":{"line":705,"column":53}}],"line":705},"22":{"loc":{"start":{"line":707,"column":6},"end":{"line":707,"column":null}},"type":"if","locations":[{"start":{"line":707,"column":6},"end":{"line":707,"column":null}},{"start":{},"end":{}}],"line":707},"23":{"loc":{"start":{"line":710,"column":6},"end":{"line":710,"column":null}},"type":"if","locations":[{"start":{"line":710,"column":6},"end":{"line":710,"column":null}},{"start":{},"end":{}}],"line":710},"24":{"loc":{"start":{"line":712,"column":22},"end":{"line":712,"column":38}},"type":"binary-expr","locations":[{"start":{"line":712,"column":22},"end":{"line":712,"column":36}},{"start":{"line":712,"column":36},"end":{"line":712,"column":38}}],"line":712},"25":{"loc":{"start":{"line":713,"column":28},"end":{"line":713,"column":50}},"type":"binary-expr","locations":[{"start":{"line":713,"column":28},"end":{"line":713,"column":48}},{"start":{"line":713,"column":48},"end":{"line":713,"column":50}}],"line":713},"26":{"loc":{"start":{"line":714,"column":20},"end":{"line":714,"column":null}},"type":"cond-expr","locations":[{"start":{"line":714,"column":53},"end":{"line":714,"column":98}},{"start":{"line":714,"column":98},"end":{"line":714,"column":null}}],"line":714},"27":{"loc":{"start":{"line":731,"column":9},"end":{"line":749,"column":null}},"type":"cond-expr","locations":[{"start":{"line":732,"column":10},"end":{"line":736,"column":null}},{"start":{"line":738,"column":10},"end":{"line":749,"column":null}}],"line":731},"28":{"loc":{"start":{"line":751,"column":9},"end":{"line":756,"column":null}},"type":"binary-expr","locations":[{"start":{"line":751,"column":9},"end":{"line":751,"column":null}},{"start":{"line":752,"column":10},"end":{"line":756,"column":null}}],"line":751},"29":{"loc":{"start":{"line":767,"column":2},"end":{"line":769,"column":null}},"type":"if","locations":[{"start":{"line":767,"column":2},"end":{"line":769,"column":null}},{"start":{},"end":{}}],"line":767},"30":{"loc":{"start":{"line":783,"column":4},"end":{"line":785,"column":null}},"type":"if","locations":[{"start":{"line":783,"column":4},"end":{"line":785,"column":null}},{"start":{},"end":{}}],"line":783},"31":{"loc":{"start":{"line":786,"column":4},"end":{"line":788,"column":null}},"type":"if","locations":[{"start":{"line":786,"column":4},"end":{"line":788,"column":null}},{"start":{},"end":{}}],"line":786},"32":{"loc":{"start":{"line":834,"column":21},"end":{"line":834,"column":null}},"type":"cond-expr","locations":[{"start":{"line":834,"column":41},"end":{"line":834,"column":58}},{"start":{"line":834,"column":58},"end":{"line":834,"column":null}}],"line":834},"33":{"loc":{"start":{"line":840,"column":15},"end":{"line":840,"column":75}},"type":"binary-expr","locations":[{"start":{"line":840,"column":15},"end":{"line":840,"column":44}},{"start":{"line":840,"column":44},"end":{"line":840,"column":75}}],"line":840},"34":{"loc":{"start":{"line":846,"column":2},"end":{"line":846,"column":null}},"type":"if","locations":[{"start":{"line":846,"column":2},"end":{"line":846,"column":null}},{"start":{},"end":{}}],"line":846},"35":{"loc":{"start":{"line":856,"column":13},"end":{"line":856,"column":null}},"type":"cond-expr","locations":[{"start":{"line":856,"column":32},"end":{"line":856,"column":49}},{"start":{"line":856,"column":49},"end":{"line":856,"column":null}}],"line":856},"36":{"loc":{"start":{"line":859,"column":13},"end":{"line":861,"column":null}},"type":"cond-expr","locations":[{"start":{"line":860,"column":16},"end":{"line":860,"column":null}},{"start":{"line":861,"column":16},"end":{"line":861,"column":null}}],"line":859},"37":{"loc":{"start":{"line":867,"column":13},"end":{"line":882,"column":null}},"type":"binary-expr","locations":[{"start":{"line":867,"column":13},"end":{"line":867,"column":null}},{"start":{"line":868,"column":14},"end":{"line":882,"column":null}}],"line":867},"38":{"loc":{"start":{"line":906,"column":17},"end":{"line":915,"column":null}},"type":"binary-expr","locations":[{"start":{"line":906,"column":17},"end":{"line":906,"column":null}},{"start":{"line":907,"column":18},"end":{"line":915,"column":null}}],"line":906},"39":{"loc":{"start":{"line":931,"column":13},"end":{"line":934,"column":null}},"type":"binary-expr","locations":[{"start":{"line":931,"column":13},"end":{"line":931,"column":null}},{"start":{"line":932,"column":14},"end":{"line":934,"column":null}}],"line":931},"40":{"loc":{"start":{"line":943,"column":15},"end":{"line":951,"column":null}},"type":"cond-expr","locations":[{"start":{"line":944,"column":16},"end":{"line":950,"column":null}},{"start":{"line":951,"column":18},"end":{"line":951,"column":null}}],"line":943},"41":{"loc":{"start":{"line":949,"column":19},"end":{"line":949,"column":null}},"type":"cond-expr","locations":[{"start":{"line":949,"column":38},"end":{"line":949,"column":56}},{"start":{"line":949,"column":56},"end":{"line":949,"column":null}}],"line":949},"42":{"loc":{"start":{"line":951,"column":18},"end":{"line":951,"column":null}},"type":"cond-expr","locations":[{"start":{"line":951,"column":37},"end":{"line":951,"column":49}},{"start":{"line":951,"column":49},"end":{"line":951,"column":null}}],"line":951},"43":{"loc":{"start":{"line":977,"column":27},"end":{"line":977,"column":null}},"type":"cond-expr","locations":[{"start":{"line":977,"column":46},"end":{"line":977,"column":57}},{"start":{"line":977,"column":57},"end":{"line":977,"column":null}}],"line":977},"44":{"loc":{"start":{"line":978,"column":24},"end":{"line":978,"column":null}},"type":"cond-expr","locations":[{"start":{"line":978,"column":43},"end":{"line":978,"column":59}},{"start":{"line":978,"column":59},"end":{"line":978,"column":null}}],"line":978},"45":{"loc":{"start":{"line":989,"column":15},"end":{"line":1010,"column":null}},"type":"cond-expr","locations":[{"start":{"line":990,"column":16},"end":{"line":999,"column":null}},{"start":{"line":1001,"column":16},"end":{"line":1010,"column":null}}],"line":989},"46":{"loc":{"start":{"line":1035,"column":4},"end":{"line":1042,"column":null}},"type":"if","locations":[{"start":{"line":1035,"column":4},"end":{"line":1042,"column":null}},{"start":{},"end":{}}],"line":1035},"47":{"loc":{"start":{"line":1093,"column":4},"end":{"line":1095,"column":null}},"type":"if","locations":[{"start":{"line":1093,"column":4},"end":{"line":1095,"column":null}},{"start":{},"end":{}}],"line":1093}},"s":{"0":1,"1":1,"2":1,"3":30,"4":30,"5":0,"6":30,"7":1,"8":10,"9":1,"10":0,"11":1,"12":10,"13":1,"14":10,"15":10,"16":0,"17":0,"18":1,"19":10,"20":1,"21":10,"22":1,"23":0,"24":0,"25":0,"26":1,"27":0,"28":0,"29":0,"30":0,"31":0,"32":0,"33":0,"34":0,"35":0,"36":0,"37":0,"38":0,"39":0,"40":0,"41":0,"42":0,"43":0,"44":0,"45":0,"46":0,"47":0,"48":0,"49":0,"50":0,"51":1,"52":0,"53":0,"54":0,"55":0,"56":0,"57":0,"58":0,"59":0,"60":0,"61":0,"62":0,"63":0,"64":0,"65":0,"66":0,"67":0,"68":0,"69":0,"70":0,"71":0,"72":0,"73":0,"74":1,"75":0,"76":1,"77":0,"78":0,"79":0,"80":0,"81":0,"82":0,"83":0,"84":0,"85":0,"86":0,"87":0,"88":0,"89":0,"90":0,"91":0,"92":0,"93":0,"94":0,"95":0,"96":0,"97":0,"98":0,"99":0,"100":0,"101":0,"102":0,"103":0,"104":0,"105":0,"106":0,"107":0,"108":0,"109":0,"110":0,"111":0,"112":0,"113":0,"114":0,"115":0,"116":0,"117":0,"118":0,"119":0,"120":0,"121":0,"122":0,"123":1,"124":10,"125":10,"126":0,"127":10,"128":1,"129":5,"130":1,"131":0,"132":0,"133":0,"134":0,"135":0,"136":0,"137":1,"138":10,"139":10,"140":10,"141":10,"142":10,"143":5,"144":10,"145":10,"146":0,"147":0,"148":0,"149":0,"150":0,"151":0,"152":0,"153":0,"154":0,"155":10,"156":0,"157":0,"158":10,"159":0,"160":0,"161":0,"162":0,"163":0,"164":0,"165":0,"166":0,"167":0,"168":0,"169":10,"170":10,"171":0,"172":0,"173":0,"174":0,"175":0,"176":0,"177":0,"178":1,"179":10,"180":10,"181":10,"182":10,"183":10,"184":10,"185":5,"186":10,"187":5,"188":5,"189":0,"190":0,"191":0,"192":0,"193":5,"194":10,"195":0,"196":0,"197":10,"198":0,"199":10,"200":0,"201":0,"202":0,"203":0,"204":0,"205":10,"206":0,"207":0,"208":0,"209":0,"210":10,"211":10,"212":5,"213":5,"214":0,"215":5,"216":0,"217":0},"f":{"0":30,"1":10,"2":0,"3":10,"4":10,"5":0,"6":0,"7":10,"8":10,"9":0,"10":0,"11":0,"12":0,"13":0,"14":0,"15":0,"16":0,"17":0,"18":0,"19":0,"20":0,"21":0,"22":0,"23":0,"24":0,"25":0,"26":0,"27":0,"28":0,"29":0,"30":0,"31":0,"32":0,"33":0,"34":0,"35":0,"36":10,"37":5,"38":0,"39":10,"40":5,"41":0,"42":0,"43":0,"44":0,"45":0,"46":0,"47":0,"48":0,"49":10,"50":5,"51":5,"52":0,"53":0,"54":0,"55":0,"56":5,"57":0,"58":0},"b":{"0":[0,30],"1":[10],"2":[0],"3":[0,10],"4":[0,0],"5":[0,0],"6":[0,0],"7":[0,0],"8":[0,0,0,0,0],"9":[0,0],"10":[0,0],"11":[0,0],"12":[0,0],"13":[0,0],"14":[0,0],"15":[0,0],"16":[0,0],"17":[0,0],"18":[0,0],"19":[0,0],"20":[0,0],"21":[0,0],"22":[0,0],"23":[0,0],"24":[0,0],"25":[0,0],"26":[0,0],"27":[0,0],"28":[0,0],"29":[0,10],"30":[0,0],"31":[0,0],"32":[0,0],"33":[0,0],"34":[10,0],"35":[0,0],"36":[0,0],"37":[10,0],"38":[10,0],"39":[10,0],"40":[0,0],"41":[0,0],"42":[0,0],"43":[0,0],"44":[0,0],"45":[0,0],"46":[0,5],"47":[0,5]},"meta":{"lastBranch":48,"lastFunction":59,"lastStatement":218,"seen":{"s:18:16:18:Infinity":0,"s:82:6:82:Infinity":1,"s:83:22:89:Infinity":2,"f:83:22:83:28":0,"s:84:8:84:Infinity":3,"b:85:2:87:Infinity:undefined:undefined:undefined:undefined":0,"s:85:2:87:Infinity":4,"s:86:4:86:Infinity":5,"s:88:2:88:Infinity":6,"s:97:32:107:Infinity":7,"f:97:32:97:33":1,"s:98:2:107:Infinity":8,"b:97:47:97:50":1,"s:109:32:112:Infinity":9,"f:109:32:109:33":2,"s:110:2:112:Infinity":10,"b:109:47:109:50":2,"s:116:28:133:Infinity":11,"f:116:28:116:34":3,"s:117:2:131:Infinity":12,"s:136:19:182:Infinity":13,"f:136:19:136:25":4,"s:137:45:137:Infinity":14,"s:139:2:180:Infinity":15,"b:152:10:162:Infinity:164:10:177:Infinity":3,"f:166:23:166:29":5,"s:166:29:166:Infinity":16,"f:172:23:172:29":6,"s:172:29:172:Infinity":17,"s:184:24:209:Infinity":18,"f:184:24:184:30":7,"s:186:2:207:Infinity":19,"s:216:24:226:Infinity":20,"f:216:24:216:30":8,"s:217:2:224:Infinity":21,"s:229:80:229:Infinity":22,"f:229:80:229:81":9,"s:229:107:229:844":23,"f:229:317:229:318":10,"s:229:335:229:826":24,"f:229:773:229:774":11,"s:229:787:229:811":25,"s:230:56:230:Infinity":26,"f:230:56:230:57":12,"s:230:110:230:151":27,"s:230:173:230:191":28,"s:230:221:230:242":29,"s:230:268:230:945":30,"f:230:268:230:280":13,"b:230:282:230:328:undefined:undefined:undefined:undefined":4,"s:230:282:230:328":31,"b:230:286:230:309:230:309:230:320":5,"s:230:320:230:328":32,"s:230:357:230:390":33,"s:230:410:230:438":34,"s:230:438:230:464":35,"s:230:464:230:478":36,"s:230:478:230:498":37,"s:230:514:230:621":38,"f:230:530:230:538":14,"s:230:538:230:618":39,"b:230:570:230:579:230:579:230:588":6,"s:230:621:230:942":40,"s:230:639:230:705":41,"s:230:705:230:780":42,"f:230:717:230:725":15,"s:230:725:230:777":43,"s:230:798:230:820":44,"s:230:820:230:907":45,"f:230:832:230:840":16,"s:230:840:230:904":46,"s:230:919:230:940":47,"s:230:945:230:1786":48,"f:230:1223:230:1224":17,"s:230:1230:230:1256":49,"f:230:1268:230:1269":18,"s:230:1314:230:1356":50,"b:230:1314:230:1335:230:1335:230:1356":7,"s:231:103:659:Infinity":51,"f:231:103:231:104":19,"s:232:36:232:Infinity":52,"s:233:30:267:Infinity":53,"s:269:23:271:Infinity":54,"f:269:23:269:24":20,"s:270:4:270:Infinity":55,"s:273:23:276:Infinity":56,"f:273:23:273:24":21,"s:274:4:274:Infinity":57,"s:275:4:275:Infinity":58,"s:278:19:278:Infinity":59,"f:278:19:278:25":22,"s:278:25:278:Infinity":60,"f:278:40:278:48":23,"s:278:48:278:69":61,"s:279:19:279:Infinity":62,"f:279:19:279:25":24,"s:279:25:279:Infinity":63,"f:279:40:279:48":25,"s:279:48:279:69":64,"s:281:21:575:Infinity":65,"f:281:21:281:27":26,"b:283:6:338:Infinity:341:6:425:Infinity:428:6:486:Infinity:489:6:569:Infinity:572:6:573:Infinity":8,"s:282:4:574:Infinity":66,"s:284:8:338:Infinity":67,"s:342:8:425:Infinity":68,"s:429:8:486:Infinity":69,"s:490:8:569:Infinity":70,"s:573:8:573:Infinity":71,"s:577:2:657:Infinity":72,"f:594:26:594:27":27,"s:595:10:605:Infinity":73,"b:598:37:598:Infinity:599:16:599:Infinity":9,"b:599:39:599:50:599:50:599:Infinity":10,"b:602:13:602:Infinity:603:14:603:Infinity":11,"b:603:68:603:82:603:82:603:118":12,"b:603:105:603:116:603:116:603:118":13,"b:637:16:643:Infinity:645:16:651:Infinity":14,"b:648:56:648:72:648:72:648:74":15,"b:650:31:650:61:650:61:650:Infinity":16,"s:660:26:662:Infinity":74,"f:660:26:660:32":28,"s:661:2:661:Infinity":75,"s:665:32:761:Infinity":76,"f:665:32:665:38":29,"s:666:44:666:Infinity":77,"s:667:42:667:Infinity":78,"s:668:32:668:Infinity":79,"s:669:24:669:Infinity":80,"s:672:22:689:Infinity":81,"f:672:22:672:23":30,"b:673:4:673:Infinity:undefined:undefined:undefined:undefined":17,"s:673:4:673:Infinity":82,"s:673:15:673:Infinity":83,"s:674:18:677:Infinity":84,"f:675:39:675:40":31,"s:675:46:675:76":85,"f:676:34:676:35":32,"s:676:41:676:62":86,"s:678:18:678:Infinity":87,"b:679:4:679:Infinity:undefined:undefined:undefined:undefined":18,"s:679:4:679:Infinity":88,"s:679:22:679:Infinity":89,"s:680:4:680:Infinity":90,"s:682:4:682:Infinity":91,"s:682:10:682:38":92,"s:684:4:687:Infinity":93,"s:684:17:684:33":94,"s:685:24:685:Infinity":95,"s:686:6:686:Infinity":96,"s:686:12:686:42":97,"s:688:4:688:Infinity":98,"s:691:35:726:Infinity":99,"f:691:35:691:42":33,"s:692:4:692:Infinity":100,"s:693:4:693:Infinity":101,"s:694:19:694:Infinity":102,"s:695:38:695:Infinity":103,"s:696:4:725:Infinity":104,"s:697:18:701:Infinity":105,"s:703:24:703:Infinity":106,"b:703:24:703:42:703:42:703:Infinity":19,"b:704:6:706:Infinity:undefined:undefined:undefined:undefined":20,"s:704:6:706:Infinity":107,"s:705:8:705:Infinity":108,"b:705:29:705:51:705:51:705:53":21,"b:707:6:707:Infinity:undefined:undefined:undefined:undefined":22,"s:707:6:707:Infinity":109,"s:707:19:707:Infinity":110,"b:710:6:710:Infinity:undefined:undefined:undefined:undefined":23,"s:710:6:710:Infinity":111,"s:710:34:710:Infinity":112,"s:711:49:715:Infinity":113,"f:711:60:711:61":34,"s:711:76:715:8":114,"b:712:22:712:36:712:36:712:38":24,"b:713:28:713:48:713:48:713:50":25,"b:714:53:714:98:714:98:714:Infinity":26,"f:714:73:714:74":35,"s:714:85:714:94":115,"s:717:6:717:Infinity":116,"s:718:6:718:Infinity":117,"s:719:6:719:Infinity":118,"s:721:6:721:Infinity":119,"s:722:6:722:Infinity":120,"s:724:6:724:Infinity":121,"s:728:2:759:Infinity":122,"b:732:10:736:Infinity:738:10:749:Infinity":27,"b:751:9:751:Infinity:752:10:756:Infinity":28,"s:763:21:778:Infinity":123,"f:763:21:763:27":36,"s:764:26:764:Infinity":124,"b:767:2:769:Infinity:undefined:undefined:undefined:undefined":29,"s:767:2:769:Infinity":125,"s:768:4:768:Infinity":126,"s:772:2:776:Infinity":127,"s:779:22:779:Infinity":128,"f:779:22:779:28":37,"s:779:30:779:100":129,"s:781:27:790:Infinity":130,"f:781:27:781:33":38,"s:782:43:782:Infinity":131,"b:783:4:785:Infinity:undefined:undefined:undefined:undefined":30,"s:783:4:785:Infinity":132,"s:784:8:784:Infinity":133,"b:786:4:788:Infinity:undefined:undefined:undefined:undefined":31,"s:786:4:788:Infinity":134,"s:787:8:787:Infinity":135,"s:789:4:789:Infinity":136,"s:793:38:1018:Infinity":137,"f:793:38:793:39":39,"s:794:30:794:Infinity":138,"s:795:32:795:Infinity":139,"s:796:24:796:Infinity":140,"s:797:22:797:Infinity":141,"s:799:2:801:Infinity":142,"f:799:12:799:18":40,"s:800:4:800:Infinity":143,"s:803:20:803:Infinity":144,"s:806:35:821:Infinity":145,"f:806:35:806:42":41,"s:807:4:820:Infinity":146,"s:808:6:808:Infinity":147,"s:809:6:809:Infinity":148,"s:810:18:812:Infinity":149,"s:813:6:813:Infinity":150,"s:814:6:814:Infinity":151,"s:816:6:816:Infinity":152,"s:817:6:817:Infinity":153,"s:819:6:819:Infinity":154,"s:825:28:828:Infinity":155,"f:825:28:825:29":42,"s:826:4:826:Infinity":156,"s:827:4:827:Infinity":157,"s:830:23:844:Infinity":158,"f:830:23:830:30":43,"s:831:4:831:Infinity":159,"s:832:4:832:Infinity":160,"s:833:4:833:Infinity":161,"s:834:21:834:Infinity":162,"b:834:41:834:58:834:58:834:Infinity":32,"s:835:4:843:Infinity":163,"s:836:23:836:Infinity":164,"s:837:6:837:Infinity":165,"s:838:6:838:Infinity":166,"s:840:6:840:Infinity":167,"b:840:15:840:44:840:44:840:75":33,"s:842:6:842:Infinity":168,"b:846:2:846:Infinity:undefined:undefined:undefined:undefined":34,"s:846:2:846:Infinity":169,"s:846:15:846:Infinity":170,"s:848:2:1016:Infinity":171,"f:852:17:852:18":44,"s:852:24:852:Infinity":172,"b:856:32:856:49:856:49:856:Infinity":35,"b:860:16:860:Infinity:861:16:861:Infinity":36,"b:867:13:867:Infinity:868:14:882:Infinity":37,"b:906:17:906:Infinity:907:18:915:Infinity":38,"f:910:29:910:35":45,"s:911:22:911:Infinity":173,"b:931:13:931:Infinity:932:14:934:Infinity":39,"b:944:16:950:Infinity:951:18:951:Infinity":40,"b:949:38:949:56:949:56:949:Infinity":41,"b:951:37:951:49:951:49:951:Infinity":42,"f:972:27:972:33":46,"s:973:20:973:Infinity":174,"s:974:20:974:Infinity":175,"b:977:46:977:57:977:57:977:Infinity":43,"b:978:43:978:59:978:59:978:Infinity":44,"b:990:16:999:Infinity:1001:16:1010:Infinity":45,"f:994:29:994:35":47,"s:994:35:994:Infinity":176,"f:1005:29:1005:35":48,"s:1005:35:1005:Infinity":177,"s:1021:49:1087:Infinity":178,"f:1021:49:1021:50":49,"s:1022:36:1022:Infinity":179,"s:1023:36:1023:Infinity":180,"s:1024:30:1024:Infinity":181,"s:1025:40:1025:Infinity":182,"s:1026:8:1026:Infinity":183,"s:1029:2:1031:Infinity":184,"f:1029:12:1029:18":50,"s:1030:4:1030:Infinity":185,"s:1033:2:1044:Infinity":186,"f:1033:12:1033:18":51,"s:1034:23:1034:Infinity":187,"b:1035:4:1042:Infinity:undefined:undefined:undefined:undefined":46,"s:1035:4:1042:Infinity":188,"s:1036:6:1041:Infinity":189,"s:1037:8:1037:Infinity":190,"s:1039:8:1039:Infinity":191,"s:1040:8:1040:Infinity":192,"s:1043:4:1043:Infinity":193,"s:1046:20:1049:Infinity":194,"f:1046:20:1046:21":52,"s:1047:4:1047:Infinity":195,"s:1048:4:1048:Infinity":196,"s:1051:21:1051:Infinity":197,"f:1051:21:1051:27":53,"s:1051:27:1051:Infinity":198,"s:1053:16:1059:Infinity":199,"f:1053:16:1053:17":54,"s:1054:4:1054:Infinity":200,"s:1055:4:1055:Infinity":201,"s:1056:4:1056:Infinity":202,"s:1057:4:1057:Infinity":203,"s:1058:4:1058:Infinity":204,"s:1061:17:1066:Infinity":205,"f:1061:17:1061:23":55,"s:1062:4:1062:Infinity":206,"s:1063:4:1063:Infinity":207,"s:1064:4:1064:Infinity":208,"s:1065:4:1065:Infinity":209,"s:1068:39:1076:Infinity":210,"s:1078:2:1085:Infinity":211,"f:1090:24:1090:37":56,"s:1091:27:1091:Infinity":212,"b:1093:4:1095:Infinity:undefined:undefined:undefined:undefined":47,"s:1093:4:1095:Infinity":213,"s:1094:8:1094:Infinity":214,"s:1097:4:1115:Infinity":215,"f:1100:31:1100:37":57,"s:1100:37:1100:Infinity":216,"f:1101:33:1101:39":58,"s:1101:39:1101:Infinity":217}}}
,"D:\\Careerion\\Frontend\\src\\index.css": {"path":"D:\\Careerion\\Frontend\\src\\index.css","statementMap":{},"fnMap":{},"branchMap":{},"s":{},"f":{},"b":{},"meta":{"lastBranch":0,"lastFunction":0,"lastStatement":0,"seen":{}}}
,"D:\\Careerion\\Frontend\\src\\components\\CareerDashboard.tsx": {"path":"D:\\Careerion\\Frontend\\src\\components\\CareerDashboard.tsx","statementMap":{"0":{"start":{"line":5,"column":16},"end":{"line":5,"column":null}},"1":{"start":{"line":30,"column":34},"end":{"line":439,"column":null}},"2":{"start":{"line":31,"column":36},"end":{"line":31,"column":null}},"3":{"start":{"line":32,"column":42},"end":{"line":32,"column":null}},"4":{"start":{"line":33,"column":32},"end":{"line":33,"column":null}},"5":{"start":{"line":34,"column":32},"end":{"line":34,"column":null}},"6":{"start":{"line":35,"column":44},"end":{"line":35,"column":null}},"7":{"start":{"line":37,"column":2},"end":{"line":40,"column":null}},"8":{"start":{"line":38,"column":4},"end":{"line":38,"column":null}},"9":{"start":{"line":39,"column":4},"end":{"line":39,"column":null}},"10":{"start":{"line":42,"column":27},"end":{"line":58,"column":null}},"11":{"start":{"line":43,"column":4},"end":{"line":57,"column":null}},"12":{"start":{"line":44,"column":20},"end":{"line":44,"column":null}},"13":{"start":{"line":45,"column":6},"end":{"line":45,"column":null}},"14":{"start":{"line":45,"column":18},"end":{"line":45,"column":null}},"15":{"start":{"line":47,"column":23},"end":{"line":49,"column":null}},"16":{"start":{"line":51,"column":6},"end":{"line":51,"column":null}},"17":{"start":{"line":52,"column":6},"end":{"line":52,"column":null}},"18":{"start":{"line":54,"column":6},"end":{"line":54,"column":null}},"19":{"start":{"line":56,"column":6},"end":{"line":56,"column":null}},"20":{"start":{"line":60,"column":33},"end":{"line":95,"column":null}},"21":{"start":{"line":61,"column":4},"end":{"line":94,"column":null}},"22":{"start":{"line":62,"column":20},"end":{"line":62,"column":null}},"23":{"start":{"line":63,"column":6},"end":{"line":63,"column":null}},"24":{"start":{"line":63,"column":18},"end":{"line":63,"column":null}},"25":{"start":{"line":65,"column":23},"end":{"line":72,"column":null}},"26":{"start":{"line":75,"column":23},"end":{"line":75,"column":null}},"27":{"start":{"line":76,"column":6},"end":{"line":76,"column":null}},"28":{"start":{"line":78,"column":6},"end":{"line":78,"column":null}},"29":{"start":{"line":80,"column":6},"end":{"line":93,"column":null}},"30":{"start":{"line":97,"column":30},"end":{"line":127,"column":null}},"31":{"start":{"line":99,"column":45},"end":{"line":124,"column":null}},"32":{"start":{"line":126,"column":4},"end":{"line":126,"column":null}},"33":{"start":{"line":129,"column":27},"end":{"line":136,"column":null}},"34":{"start":{"line":130,"column":4},"end":{"line":135,"column":null}},"35":{"start":{"line":131,"column":19},"end":{"line":131,"column":null}},"36":{"start":{"line":132,"column":21},"end":{"line":132,"column":null}},"37":{"start":{"line":133,"column":18},"end":{"line":133,"column":null}},"38":{"start":{"line":134,"column":15},"end":{"line":134,"column":null}},"39":{"start":{"line":138,"column":32},"end":{"line":170,"column":null}},"40":{"start":{"line":139,"column":4},"end":{"line":170,"column":null}},"41":{"start":{"line":157,"column":27},"end":{"line":157,"column":null}},"42":{"start":{"line":173,"column":29},"end":{"line":203,"column":null}},"43":{"start":{"line":174,"column":4},"end":{"line":203,"column":null}},"44":{"start":{"line":176,"column":8},"end":{"line":201,"column":null}},"45":{"start":{"line":194,"column":16},"end":{"line":197,"column":null}},"46":{"start":{"line":206,"column":22},"end":{"line":369,"column":null}},"47":{"start":{"line":207,"column":32},"end":{"line":207,"column":null}},"48":{"start":{"line":208,"column":32},"end":{"line":208,"column":null}},"49":{"start":{"line":210,"column":30},"end":{"line":231,"column":null}},"50":{"start":{"line":211,"column":36},"end":{"line":211,"column":null}},"51":{"start":{"line":213,"column":6},"end":{"line":230,"column":null}},"52":{"start":{"line":215,"column":8},"end":{"line":218,"column":null}},"53":{"start":{"line":215,"column":29},"end":{"line":218,"column":10}},"54":{"start":{"line":217,"column":47},"end":{"line":217,"column":58}},"55":{"start":{"line":217,"column":75},"end":{"line":217,"column":79}},"56":{"start":{"line":219,"column":6},"end":{"line":230,"column":null}},"57":{"start":{"line":220,"column":25},"end":{"line":220,"column":null}},"58":{"start":{"line":221,"column":8},"end":{"line":224,"column":null}},"59":{"start":{"line":221,"column":29},"end":{"line":224,"column":10}},"60":{"start":{"line":226,"column":8},"end":{"line":229,"column":null}},"61":{"start":{"line":226,"column":29},"end":{"line":229,"column":10}},"62":{"start":{"line":233,"column":25},"end":{"line":254,"column":null}},"63":{"start":{"line":234,"column":6},"end":{"line":234,"column":null}},"64":{"start":{"line":235,"column":6},"end":{"line":235,"column":null}},"65":{"start":{"line":237,"column":6},"end":{"line":253,"column":null}},"66":{"start":{"line":238,"column":22},"end":{"line":238,"column":null}},"67":{"start":{"line":239,"column":8},"end":{"line":241,"column":null}},"68":{"start":{"line":243,"column":8},"end":{"line":243,"column":null}},"69":{"start":{"line":244,"column":8},"end":{"line":244,"column":null}},"70":{"start":{"line":245,"column":8},"end":{"line":245,"column":null}},"71":{"start":{"line":248,"column":8},"end":{"line":248,"column":null}},"72":{"start":{"line":250,"column":8},"end":{"line":250,"column":null}},"73":{"start":{"line":252,"column":8},"end":{"line":252,"column":null}},"74":{"start":{"line":256,"column":4},"end":{"line":367,"column":null}},"75":{"start":{"line":371,"column":2},"end":{"line":380,"column":null}},"76":{"start":{"line":372,"column":4},"end":{"line":378,"column":null}},"77":{"start":{"line":382,"column":2},"end":{"line":437,"column":null}},"78":{"start":{"line":401,"column":10},"end":{"line":412,"column":null}},"79":{"start":{"line":403,"column":27},"end":{"line":403,"column":null}}},"fnMap":{"0":{"name":"(anonymous_0)","decl":{"start":{"line":30,"column":34},"end":{"line":30,"column":40}},"loc":{"start":{"line":30,"column":40},"end":{"line":439,"column":null}},"line":30},"1":{"name":"(anonymous_1)","decl":{"start":{"line":37,"column":12},"end":{"line":37,"column":18}},"loc":{"start":{"line":37,"column":18},"end":{"line":40,"column":5}},"line":37},"2":{"name":"(anonymous_2)","decl":{"start":{"line":42,"column":27},"end":{"line":42,"column":39}},"loc":{"start":{"line":42,"column":39},"end":{"line":58,"column":null}},"line":42},"3":{"name":"(anonymous_3)","decl":{"start":{"line":60,"column":33},"end":{"line":60,"column":45}},"loc":{"start":{"line":60,"column":45},"end":{"line":95,"column":null}},"line":60},"4":{"name":"(anonymous_4)","decl":{"start":{"line":97,"column":30},"end":{"line":97,"column":31}},"loc":{"start":{"line":97,"column":69},"end":{"line":127,"column":null}},"line":97},"5":{"name":"(anonymous_5)","decl":{"start":{"line":129,"column":27},"end":{"line":129,"column":28}},"loc":{"start":{"line":129,"column":49},"end":{"line":136,"column":null}},"line":129},"6":{"name":"(anonymous_6)","decl":{"start":{"line":138,"column":32},"end":{"line":138,"column":null}},"loc":{"start":{"line":139,"column":4},"end":{"line":170,"column":null}},"line":139},"7":{"name":"(anonymous_7)","decl":{"start":{"line":157,"column":21},"end":{"line":157,"column":27}},"loc":{"start":{"line":157,"column":27},"end":{"line":157,"column":null}},"line":157},"8":{"name":"(anonymous_8)","decl":{"start":{"line":173,"column":29},"end":{"line":173,"column":null}},"loc":{"start":{"line":174,"column":4},"end":{"line":203,"column":null}},"line":174},"9":{"name":"(anonymous_9)","decl":{"start":{"line":175,"column":26},"end":{"line":175,"column":27}},"loc":{"start":{"line":176,"column":8},"end":{"line":201,"column":null}},"line":176},"10":{"name":"(anonymous_10)","decl":{"start":{"line":193,"column":39},"end":{"line":193,"column":40}},"loc":{"start":{"line":194,"column":16},"end":{"line":197,"column":null}},"line":194},"11":{"name":"(anonymous_11)","decl":{"start":{"line":206,"column":22},"end":{"line":206,"column":28}},"loc":{"start":{"line":206,"column":28},"end":{"line":369,"column":null}},"line":206},"12":{"name":"(anonymous_12)","decl":{"start":{"line":210,"column":30},"end":{"line":210,"column":31}},"loc":{"start":{"line":210,"column":116},"end":{"line":231,"column":null}},"line":210},"13":{"name":"(anonymous_13)","decl":{"start":{"line":215,"column":20},"end":{"line":215,"column":29}},"loc":{"start":{"line":215,"column":29},"end":{"line":218,"column":10}},"line":215},"14":{"name":"(anonymous_14)","decl":{"start":{"line":217,"column":39},"end":{"line":217,"column":47}},"loc":{"start":{"line":217,"column":47},"end":{"line":217,"column":58}},"line":217},"15":{"name":"(anonymous_15)","decl":{"start":{"line":217,"column":67},"end":{"line":217,"column":75}},"loc":{"start":{"line":217,"column":75},"end":{"line":217,"column":79}},"line":217},"16":{"name":"(anonymous_16)","decl":{"start":{"line":221,"column":20},"end":{"line":221,"column":29}},"loc":{"start":{"line":221,"column":29},"end":{"line":224,"column":10}},"line":221},"17":{"name":"(anonymous_17)","decl":{"start":{"line":226,"column":20},"end":{"line":226,"column":29}},"loc":{"start":{"line":226,"column":29},"end":{"line":229,"column":10}},"line":226},"18":{"name":"(anonymous_18)","decl":{"start":{"line":233,"column":25},"end":{"line":233,"column":32}},"loc":{"start":{"line":233,"column":55},"end":{"line":254,"column":null}},"line":233},"19":{"name":"(anonymous_19)","decl":{"start":{"line":400,"column":14},"end":{"line":400,"column":15}},"loc":{"start":{"line":401,"column":10},"end":{"line":412,"column":null}},"line":401},"20":{"name":"(anonymous_20)","decl":{"start":{"line":403,"column":21},"end":{"line":403,"column":27}},"loc":{"start":{"line":403,"column":27},"end":{"line":403,"column":null}},"line":403}},"branchMap":{"0":{"loc":{"start":{"line":45,"column":6},"end":{"line":45,"column":null}},"type":"if","locations":[{"start":{"line":45,"column":6},"end":{"line":45,"column":null}},{"start":{},"end":{}}],"line":45},"1":{"loc":{"start":{"line":63,"column":6},"end":{"line":63,"column":null}},"type":"if","locations":[{"start":{"line":63,"column":6},"end":{"line":63,"column":null}},{"start":{},"end":{}}],"line":63},"2":{"loc":{"start":{"line":130,"column":4},"end":{"line":135,"column":null}},"type":"switch","locations":[{"start":{"line":131,"column":6},"end":{"line":131,"column":null}},{"start":{"line":132,"column":6},"end":{"line":132,"column":null}},{"start":{"line":133,"column":6},"end":{"line":133,"column":null}},{"start":{"line":134,"column":6},"end":{"line":134,"column":null}}],"line":130},"3":{"loc":{"start":{"line":143,"column":10},"end":{"line":145,"column":null}},"type":"cond-expr","locations":[{"start":{"line":144,"column":14},"end":{"line":144,"column":null}},{"start":{"line":145,"column":14},"end":{"line":145,"column":null}}],"line":143},"4":{"loc":{"start":{"line":147,"column":11},"end":{"line":147,"column":null}},"type":"cond-expr","locations":[{"start":{"line":147,"column":29},"end":{"line":147,"column":42}},{"start":{"line":147,"column":42},"end":{"line":147,"column":null}}],"line":147},"5":{"loc":{"start":{"line":151,"column":7},"end":{"line":162,"column":null}},"type":"binary-expr","locations":[{"start":{"line":151,"column":7},"end":{"line":151,"column":null}},{"start":{"line":152,"column":8},"end":{"line":162,"column":null}}],"line":151},"6":{"loc":{"start":{"line":165,"column":7},"end":{"line":168,"column":null}},"type":"binary-expr","locations":[{"start":{"line":165,"column":7},"end":{"line":165,"column":null}},{"start":{"line":166,"column":8},"end":{"line":168,"column":null}}],"line":165},"7":{"loc":{"start":{"line":207,"column":58},"end":{"line":207,"column":75}},"type":"binary-expr","locations":[{"start":{"line":207,"column":58},"end":{"line":207,"column":73}},{"start":{"line":207,"column":73},"end":{"line":207,"column":75}}],"line":207},"8":{"loc":{"start":{"line":213,"column":6},"end":{"line":230,"column":null}},"type":"if","locations":[{"start":{"line":213,"column":6},"end":{"line":230,"column":null}},{"start":{"line":219,"column":6},"end":{"line":230,"column":null}}],"line":213},"9":{"loc":{"start":{"line":213,"column":10},"end":{"line":213,"column":53}},"type":"binary-expr","locations":[{"start":{"line":213,"column":10},"end":{"line":213,"column":31}},{"start":{"line":213,"column":31},"end":{"line":213,"column":53}}],"line":213},"10":{"loc":{"start":{"line":219,"column":6},"end":{"line":230,"column":null}},"type":"if","locations":[{"start":{"line":219,"column":6},"end":{"line":230,"column":null}},{"start":{"line":225,"column":13},"end":{"line":230,"column":null}}],"line":219},"11":{"loc":{"start":{"line":268,"column":23},"end":{"line":268,"column":null}},"type":"binary-expr","locations":[{"start":{"line":268,"column":23},"end":{"line":268,"column":50}},{"start":{"line":268,"column":50},"end":{"line":268,"column":null}}],"line":268},"12":{"loc":{"start":{"line":288,"column":23},"end":{"line":288,"column":null}},"type":"binary-expr","locations":[{"start":{"line":288,"column":23},"end":{"line":288,"column":48}},{"start":{"line":288,"column":48},"end":{"line":288,"column":null}}],"line":288},"13":{"loc":{"start":{"line":302,"column":21},"end":{"line":302,"column":null}},"type":"binary-expr","locations":[{"start":{"line":302,"column":21},"end":{"line":302,"column":47}},{"start":{"line":302,"column":47},"end":{"line":302,"column":null}}],"line":302},"14":{"loc":{"start":{"line":321,"column":21},"end":{"line":321,"column":null}},"type":"cond-expr","locations":[{"start":{"line":321,"column":54},"end":{"line":321,"column":83}},{"start":{"line":321,"column":83},"end":{"line":321,"column":null}}],"line":321},"15":{"loc":{"start":{"line":335,"column":21},"end":{"line":335,"column":null}},"type":"cond-expr","locations":[{"start":{"line":335,"column":57},"end":{"line":335,"column":89}},{"start":{"line":335,"column":89},"end":{"line":335,"column":null}}],"line":335},"16":{"loc":{"start":{"line":349,"column":21},"end":{"line":349,"column":null}},"type":"binary-expr","locations":[{"start":{"line":349,"column":21},"end":{"line":349,"column":45}},{"start":{"line":349,"column":45},"end":{"line":349,"column":null}}],"line":349},"17":{"loc":{"start":{"line":361,"column":40},"end":{"line":361,"column":87}},"type":"cond-expr","locations":[{"start":{"line":361,"column":51},"end":{"line":361,"column":85}},{"start":{"line":361,"column":85},"end":{"line":361,"column":87}}],"line":361},"18":{"loc":{"start":{"line":363,"column":15},"end":{"line":363,"column":null}},"type":"cond-expr","locations":[{"start":{"line":363,"column":26},"end":{"line":363,"column":40}},{"start":{"line":363,"column":40},"end":{"line":363,"column":null}}],"line":363},"19":{"loc":{"start":{"line":371,"column":2},"end":{"line":380,"column":null}},"type":"if","locations":[{"start":{"line":371,"column":2},"end":{"line":380,"column":null}},{"start":{},"end":{}}],"line":371},"20":{"loc":{"start":{"line":405,"column":14},"end":{"line":407,"column":null}},"type":"cond-expr","locations":[{"start":{"line":406,"column":18},"end":{"line":406,"column":null}},{"start":{"line":407,"column":18},"end":{"line":407,"column":null}}],"line":405},"21":{"loc":{"start":{"line":417,"column":7},"end":{"line":427,"column":null}},"type":"binary-expr","locations":[{"start":{"line":417,"column":7},"end":{"line":417,"column":null}},{"start":{"line":418,"column":8},"end":{"line":427,"column":null}}],"line":417},"22":{"loc":{"start":{"line":430,"column":7},"end":{"line":433,"column":null}},"type":"binary-expr","locations":[{"start":{"line":430,"column":7},"end":{"line":430,"column":null}},{"start":{"line":431,"column":8},"end":{"line":433,"column":null}}],"line":430},"23":{"loc":{"start":{"line":436,"column":7},"end":{"line":436,"column":null}},"type":"binary-expr","locations":[{"start":{"line":436,"column":7},"end":{"line":436,"column":34}},{"start":{"line":436,"column":34},"end":{"line":436,"column":null}}],"line":436}},"s":{"0":1,"1":1,"2":0,"3":0,"4":0,"5":0,"6":0,"7":0,"8":0,"9":0,"10":0,"11":0,"12":0,"13":0,"14":0,"15":0,"16":0,"17":0,"18":0,"19":0,"20":0,"21":0,"22":0,"23":0,"24":0,"25":0,"26":0,"27":0,"28":0,"29":0,"30":0,"31":0,"32":0,"33":0,"34":0,"35":0,"36":0,"37":0,"38":0,"39":0,"40":0,"41":0,"42":0,"43":0,"44":0,"45":0,"46":0,"47":0,"48":0,"49":0,"50":0,"51":0,"52":0,"53":0,"54":0,"55":0,"56":0,"57":0,"58":0,"59":0,"60":0,"61":0,"62":0,"63":0,"64":0,"65":0,"66":0,"67":0,"68":0,"69":0,"70":0,"71":0,"72":0,"73":0,"74":0,"75":0,"76":0,"77":0,"78":0,"79":0},"f":{"0":0,"1":0,"2":0,"3":0,"4":0,"5":0,"6":0,"7":0,"8":0,"9":0,"10":0,"11":0,"12":0,"13":0,"14":0,"15":0,"16":0,"17":0,"18":0,"19":0,"20":0},"b":{"0":[0,0],"1":[0,0],"2":[0,0,0,0],"3":[0,0],"4":[0,0],"5":[0,0],"6":[0,0],"7":[0,0],"8":[0,0],"9":[0,0],"10":[0,0],"11":[0,0],"12":[0,0],"13":[0,0],"14":[0,0],"15":[0,0],"16":[0,0],"17":[0,0],"18":[0,0],"19":[0,0],"20":[0,0],"21":[0,0],"22":[0,0],"23":[0,0]},"meta":{"lastBranch":24,"lastFunction":21,"lastStatement":80,"seen":{"s:5:16:5:Infinity":0,"s:30:34:439:Infinity":1,"f:30:34:30:40":0,"s:31:36:31:Infinity":2,"s:32:42:32:Infinity":3,"s:33:32:33:Infinity":4,"s:34:32:34:Infinity":5,"s:35:44:35:Infinity":6,"s:37:2:40:Infinity":7,"f:37:12:37:18":1,"s:38:4:38:Infinity":8,"s:39:4:39:Infinity":9,"s:42:27:58:Infinity":10,"f:42:27:42:39":2,"s:43:4:57:Infinity":11,"s:44:20:44:Infinity":12,"b:45:6:45:Infinity:undefined:undefined:undefined:undefined":0,"s:45:6:45:Infinity":13,"s:45:18:45:Infinity":14,"s:47:23:49:Infinity":15,"s:51:6:51:Infinity":16,"s:52:6:52:Infinity":17,"s:54:6:54:Infinity":18,"s:56:6:56:Infinity":19,"s:60:33:95:Infinity":20,"f:60:33:60:45":3,"s:61:4:94:Infinity":21,"s:62:20:62:Infinity":22,"b:63:6:63:Infinity:undefined:undefined:undefined:undefined":1,"s:63:6:63:Infinity":23,"s:63:18:63:Infinity":24,"s:65:23:72:Infinity":25,"s:75:23:75:Infinity":26,"s:76:6:76:Infinity":27,"s:78:6:78:Infinity":28,"s:80:6:93:Infinity":29,"s:97:30:127:Infinity":30,"f:97:30:97:31":4,"s:99:45:124:Infinity":31,"s:126:4:126:Infinity":32,"s:129:27:136:Infinity":33,"f:129:27:129:28":5,"b:131:6:131:Infinity:132:6:132:Infinity:133:6:133:Infinity:134:6:134:Infinity":2,"s:130:4:135:Infinity":34,"s:131:19:131:Infinity":35,"s:132:21:132:Infinity":36,"s:133:18:133:Infinity":37,"s:134:15:134:Infinity":38,"s:138:32:170:Infinity":39,"f:138:32:138:Infinity":6,"s:139:4:170:Infinity":40,"b:144:14:144:Infinity:145:14:145:Infinity":3,"b:147:29:147:42:147:42:147:Infinity":4,"b:151:7:151:Infinity:152:8:162:Infinity":5,"f:157:21:157:27":7,"s:157:27:157:Infinity":41,"b:165:7:165:Infinity:166:8:168:Infinity":6,"s:173:29:203:Infinity":42,"f:173:29:173:Infinity":8,"s:174:4:203:Infinity":43,"f:175:26:175:27":9,"s:176:8:201:Infinity":44,"f:193:39:193:40":10,"s:194:16:197:Infinity":45,"s:206:22:369:Infinity":46,"f:206:22:206:28":11,"s:207:32:207:Infinity":47,"b:207:58:207:73:207:73:207:75":7,"s:208:32:208:Infinity":48,"s:210:30:231:Infinity":49,"f:210:30:210:31":12,"s:211:36:211:Infinity":50,"b:213:6:230:Infinity:219:6:230:Infinity":8,"s:213:6:230:Infinity":51,"b:213:10:213:31:213:31:213:53":9,"s:215:8:218:Infinity":52,"f:215:20:215:29":13,"s:215:29:218:10":53,"f:217:39:217:47":14,"s:217:47:217:58":54,"f:217:67:217:75":15,"s:217:75:217:79":55,"b:219:6:230:Infinity:225:13:230:Infinity":10,"s:219:6:230:Infinity":56,"s:220:25:220:Infinity":57,"s:221:8:224:Infinity":58,"f:221:20:221:29":16,"s:221:29:224:10":59,"s:226:8:229:Infinity":60,"f:226:20:226:29":17,"s:226:29:229:10":61,"s:233:25:254:Infinity":62,"f:233:25:233:32":18,"s:234:6:234:Infinity":63,"s:235:6:235:Infinity":64,"s:237:6:253:Infinity":65,"s:238:22:238:Infinity":66,"s:239:8:241:Infinity":67,"s:243:8:243:Infinity":68,"s:244:8:244:Infinity":69,"s:245:8:245:Infinity":70,"s:248:8:248:Infinity":71,"s:250:8:250:Infinity":72,"s:252:8:252:Infinity":73,"s:256:4:367:Infinity":74,"b:268:23:268:50:268:50:268:Infinity":11,"b:288:23:288:48:288:48:288:Infinity":12,"b:302:21:302:47:302:47:302:Infinity":13,"b:321:54:321:83:321:83:321:Infinity":14,"b:335:57:335:89:335:89:335:Infinity":15,"b:349:21:349:45:349:45:349:Infinity":16,"b:361:51:361:85:361:85:361:87":17,"b:363:26:363:40:363:40:363:Infinity":18,"b:371:2:380:Infinity:undefined:undefined:undefined:undefined":19,"s:371:2:380:Infinity":75,"s:372:4:378:Infinity":76,"s:382:2:437:Infinity":77,"f:400:14:400:15":19,"s:401:10:412:Infinity":78,"f:403:21:403:27":20,"s:403:27:403:Infinity":79,"b:406:18:406:Infinity:407:18:407:Infinity":20,"b:417:7:417:Infinity:418:8:427:Infinity":21,"b:430:7:430:Infinity:431:8:433:Infinity":22,"b:436:7:436:34:436:34:436:Infinity":23}}}
,"D:\\Careerion\\Frontend\\src\\components\\EnhancedCareerChat.tsx": {"path":"D:\\Careerion\\Frontend\\src\\components\\EnhancedCareerChat.tsx","statementMap":{"0":{"start":{"line":4,"column":16},"end":{"line":4,"column":null}},"1":{"start":{"line":17,"column":62},"end":{"line":373,"column":null}},"2":{"start":{"line":18,"column":30},"end":{"line":18,"column":null}},"3":{"start":{"line":19,"column":24},"end":{"line":19,"column":null}},"4":{"start":{"line":20,"column":32},"end":{"line":20,"column":null}},"5":{"start":{"line":21,"column":24},"end":{"line":21,"column":null}},"6":{"start":{"line":22,"column":46},"end":{"line":22,"column":null}},"7":{"start":{"line":23,"column":8},"end":{"line":23,"column":null}},"8":{"start":{"line":24,"column":8},"end":{"line":24,"column":null}},"9":{"start":{"line":26,"column":27},"end":{"line":35,"column":null}},"10":{"start":{"line":37,"column":2},"end":{"line":41,"column":null}},"11":{"start":{"line":38,"column":4},"end":{"line":40,"column":null}},"12":{"start":{"line":39,"column":6},"end":{"line":39,"column":null}},"13":{"start":{"line":43,"column":36},"end":{"line":104,"column":null}},"14":{"start":{"line":44,"column":4},"end":{"line":44,"column":null}},"15":{"start":{"line":45,"column":4},"end":{"line":45,"column":null}},"16":{"start":{"line":47,"column":4},"end":{"line":103,"column":null}},"17":{"start":{"line":48,"column":20},"end":{"line":48,"column":null}},"18":{"start":{"line":49,"column":22},"end":{"line":49,"column":null}},"19":{"start":{"line":52,"column":6},"end":{"line":94,"column":null}},"20":{"start":{"line":53,"column":25},"end":{"line":60,"column":null}},"21":{"start":{"line":62,"column":35},"end":{"line":67,"column":null}},"22":{"start":{"line":69,"column":8},"end":{"line":69,"column":null}},"23":{"start":{"line":69,"column":28},"end":{"line":69,"column":48}},"24":{"start":{"line":72,"column":24},"end":{"line":75,"column":null}},"25":{"start":{"line":72,"column":45},"end":{"line":75,"column":10}},"26":{"start":{"line":77,"column":25},"end":{"line":84,"column":null}},"27":{"start":{"line":86,"column":35},"end":{"line":91,"column":null}},"28":{"start":{"line":93,"column":8},"end":{"line":93,"column":null}},"29":{"start":{"line":93,"column":28},"end":{"line":93,"column":48}},"30":{"start":{"line":96,"column":6},"end":{"line":96,"column":null}},"31":{"start":{"line":97,"column":6},"end":{"line":100,"column":null}},"32":{"start":{"line":102,"column":6},"end":{"line":102,"column":null}},"33":{"start":{"line":106,"column":28},"end":{"line":126,"column":null}},"34":{"start":{"line":107,"column":4},"end":{"line":107,"column":null}},"35":{"start":{"line":107,"column":42},"end":{"line":107,"column":null}},"36":{"start":{"line":109,"column":33},"end":{"line":114,"column":null}},"37":{"start":{"line":116,"column":4},"end":{"line":116,"column":null}},"38":{"start":{"line":116,"column":24},"end":{"line":116,"column":46}},"39":{"start":{"line":117,"column":24},"end":{"line":117,"column":null}},"40":{"start":{"line":118,"column":4},"end":{"line":118,"column":null}},"41":{"start":{"line":121,"column":4},"end":{"line":123,"column":null}},"42":{"start":{"line":122,"column":6},"end":{"line":122,"column":null}},"43":{"start":{"line":125,"column":4},"end":{"line":125,"column":null}},"44":{"start":{"line":128,"column":27},"end":{"line":140,"column":null}},"45":{"start":{"line":129,"column":4},"end":{"line":129,"column":null}},"46":{"start":{"line":131,"column":33},"end":{"line":136,"column":null}},"47":{"start":{"line":138,"column":4},"end":{"line":138,"column":null}},"48":{"start":{"line":139,"column":4},"end":{"line":139,"column":null}},"49":{"start":{"line":142,"column":30},"end":{"line":163,"column":null}},"50":{"start":{"line":165,"column":24},"end":{"line":213,"column":null}},"51":{"start":{"line":167,"column":4},"end":{"line":212,"column":null}},"52":{"start":{"line":170,"column":8},"end":{"line":170,"column":null}},"53":{"start":{"line":170,"column":37},"end":{"line":170,"column":null}},"54":{"start":{"line":173,"column":8},"end":{"line":184,"column":null}},"55":{"start":{"line":174,"column":24},"end":{"line":174,"column":null}},"56":{"start":{"line":175,"column":23},"end":{"line":175,"column":null}},"57":{"start":{"line":176,"column":28},"end":{"line":178,"column":null}},"58":{"start":{"line":179,"column":10},"end":{"line":182,"column":null}},"59":{"start":{"line":187,"column":8},"end":{"line":194,"column":null}},"60":{"start":{"line":188,"column":10},"end":{"line":192,"column":null}},"61":{"start":{"line":197,"column":8},"end":{"line":203,"column":null}},"62":{"start":{"line":198,"column":10},"end":{"line":201,"column":null}},"63":{"start":{"line":206,"column":8},"end":{"line":209,"column":null}},"64":{"start":{"line":215,"column":2},"end":{"line":371,"column":null}},"65":{"start":{"line":224,"column":12},"end":{"line":234,"column":null}},"66":{"start":{"line":226,"column":29},"end":{"line":226,"column":null}},"67":{"start":{"line":250,"column":16},"end":{"line":261,"column":null}},"68":{"start":{"line":252,"column":33},"end":{"line":252,"column":null}},"69":{"start":{"line":268,"column":14},"end":{"line":299,"column":null}},"70":{"start":{"line":291,"column":64},"end":{"line":291,"column":89}},"71":{"start":{"line":337,"column":14},"end":{"line":337,"column":null}},"72":{"start":{"line":339,"column":31},"end":{"line":339,"column":null}},"73":{"start":{"line":340,"column":14},"end":{"line":340,"column":null}},"74":{"start":{"line":341,"column":14},"end":{"line":341,"column":null}},"75":{"start":{"line":344,"column":14},"end":{"line":347,"column":null}},"76":{"start":{"line":345,"column":16},"end":{"line":345,"column":null}},"77":{"start":{"line":346,"column":16},"end":{"line":346,"column":null}},"78":{"start":{"line":367,"column":47},"end":{"line":367,"column":72}}},"fnMap":{"0":{"name":"(anonymous_0)","decl":{"start":{"line":17,"column":62},"end":{"line":17,"column":63}},"loc":{"start":{"line":17,"column":86},"end":{"line":373,"column":null}},"line":17},"1":{"name":"(anonymous_1)","decl":{"start":{"line":37,"column":12},"end":{"line":37,"column":18}},"loc":{"start":{"line":37,"column":18},"end":{"line":41,"column":5}},"line":37},"2":{"name":"(anonymous_2)","decl":{"start":{"line":43,"column":36},"end":{"line":43,"column":43}},"loc":{"start":{"line":43,"column":90},"end":{"line":104,"column":null}},"line":43},"3":{"name":"(anonymous_3)","decl":{"start":{"line":69,"column":20},"end":{"line":69,"column":28}},"loc":{"start":{"line":69,"column":28},"end":{"line":69,"column":48}},"line":69},"4":{"name":"(anonymous_4)","decl":{"start":{"line":72,"column":37},"end":{"line":72,"column":45}},"loc":{"start":{"line":72,"column":45},"end":{"line":75,"column":10}},"line":72},"5":{"name":"(anonymous_5)","decl":{"start":{"line":93,"column":20},"end":{"line":93,"column":28}},"loc":{"start":{"line":93,"column":28},"end":{"line":93,"column":48}},"line":93},"6":{"name":"(anonymous_6)","decl":{"start":{"line":106,"column":28},"end":{"line":106,"column":40}},"loc":{"start":{"line":106,"column":40},"end":{"line":126,"column":null}},"line":106},"7":{"name":"(anonymous_7)","decl":{"start":{"line":116,"column":16},"end":{"line":116,"column":24}},"loc":{"start":{"line":116,"column":24},"end":{"line":116,"column":46}},"line":116},"8":{"name":"(anonymous_8)","decl":{"start":{"line":128,"column":27},"end":{"line":128,"column":34}},"loc":{"start":{"line":128,"column":73},"end":{"line":140,"column":null}},"line":128},"9":{"name":"(anonymous_9)","decl":{"start":{"line":165,"column":24},"end":{"line":165,"column":25}},"loc":{"start":{"line":165,"column":42},"end":{"line":213,"column":null}},"line":165},"10":{"name":"(anonymous_10)","decl":{"start":{"line":169,"column":11},"end":{"line":169,"column":12}},"loc":{"start":{"line":169,"column":33},"end":{"line":211,"column":7}},"line":169},"11":{"name":"(anonymous_11)","decl":{"start":{"line":223,"column":32},"end":{"line":223,"column":33}},"loc":{"start":{"line":224,"column":12},"end":{"line":234,"column":null}},"line":224},"12":{"name":"(anonymous_12)","decl":{"start":{"line":226,"column":23},"end":{"line":226,"column":29}},"loc":{"start":{"line":226,"column":29},"end":{"line":226,"column":null}},"line":226},"13":{"name":"(anonymous_13)","decl":{"start":{"line":249,"column":39},"end":{"line":249,"column":40}},"loc":{"start":{"line":250,"column":16},"end":{"line":261,"column":null}},"line":250},"14":{"name":"(anonymous_14)","decl":{"start":{"line":252,"column":27},"end":{"line":252,"column":33}},"loc":{"start":{"line":252,"column":33},"end":{"line":252,"column":null}},"line":252},"15":{"name":"(anonymous_15)","decl":{"start":{"line":267,"column":26},"end":{"line":267,"column":27}},"loc":{"start":{"line":268,"column":14},"end":{"line":299,"column":null}},"line":268},"16":{"name":"(anonymous_16)","decl":{"start":{"line":291,"column":59},"end":{"line":291,"column":64}},"loc":{"start":{"line":291,"column":64},"end":{"line":291,"column":89}},"line":291},"17":{"name":"(anonymous_17)","decl":{"start":{"line":336,"column":22},"end":{"line":336,"column":23}},"loc":{"start":{"line":336,"column":29},"end":{"line":342,"column":null}},"line":336},"18":{"name":"(anonymous_18)","decl":{"start":{"line":343,"column":24},"end":{"line":343,"column":25}},"loc":{"start":{"line":343,"column":73},"end":{"line":348,"column":null}},"line":343},"19":{"name":"(anonymous_19)","decl":{"start":{"line":367,"column":42},"end":{"line":367,"column":47}},"loc":{"start":{"line":367,"column":47},"end":{"line":367,"column":72}},"line":367}},"branchMap":{"0":{"loc":{"start":{"line":17,"column":65},"end":{"line":17,"column":80}},"type":"default-arg","locations":[{"start":{"line":17,"column":77},"end":{"line":17,"column":80}}],"line":17},"1":{"loc":{"start":{"line":38,"column":4},"end":{"line":40,"column":null}},"type":"if","locations":[{"start":{"line":38,"column":4},"end":{"line":40,"column":null}},{"start":{},"end":{}}],"line":38},"2":{"loc":{"start":{"line":43,"column":64},"end":{"line":43,"column":90}},"type":"default-arg","locations":[{"start":{"line":43,"column":83},"end":{"line":43,"column":90}}],"line":43},"3":{"loc":{"start":{"line":49,"column":22},"end":{"line":49,"column":null}},"type":"cond-expr","locations":[{"start":{"line":49,"column":30},"end":{"line":49,"column":69}},{"start":{"line":49,"column":69},"end":{"line":49,"column":null}}],"line":49},"4":{"loc":{"start":{"line":52,"column":6},"end":{"line":94,"column":null}},"type":"if","locations":[{"start":{"line":52,"column":6},"end":{"line":94,"column":null}},{"start":{"line":70,"column":13},"end":{"line":94,"column":null}}],"line":52},"5":{"loc":{"start":{"line":57,"column":22},"end":{"line":57,"column":null}},"type":"binary-expr","locations":[{"start":{"line":57,"column":22},"end":{"line":57,"column":34}},{"start":{"line":57,"column":34},"end":{"line":57,"column":null}}],"line":57},"6":{"loc":{"start":{"line":73,"column":16},"end":{"line":73,"column":null}},"type":"cond-expr","locations":[{"start":{"line":73,"column":40},"end":{"line":73,"column":49}},{"start":{"line":73,"column":49},"end":{"line":73,"column":null}}],"line":73},"7":{"loc":{"start":{"line":81,"column":22},"end":{"line":81,"column":77}},"type":"binary-expr","locations":[{"start":{"line":81,"column":22},"end":{"line":81,"column":34}},{"start":{"line":81,"column":34},"end":{"line":81,"column":54}},{"start":{"line":81,"column":54},"end":{"line":81,"column":77}}],"line":81},"8":{"loc":{"start":{"line":90,"column":20},"end":{"line":90,"column":null}},"type":"binary-expr","locations":[{"start":{"line":90,"column":20},"end":{"line":90,"column":32}},{"start":{"line":90,"column":32},"end":{"line":90,"column":null}}],"line":90},"9":{"loc":{"start":{"line":98,"column":8},"end":{"line":99,"column":null}},"type":"binary-expr","locations":[{"start":{"line":98,"column":8},"end":{"line":98,"column":null}},{"start":{"line":99,"column":8},"end":{"line":99,"column":null}}],"line":98},"10":{"loc":{"start":{"line":107,"column":4},"end":{"line":107,"column":null}},"type":"if","locations":[{"start":{"line":107,"column":4},"end":{"line":107,"column":null}},{"start":{},"end":{}}],"line":107},"11":{"loc":{"start":{"line":107,"column":8},"end":{"line":107,"column":42}},"type":"binary-expr","locations":[{"start":{"line":107,"column":8},"end":{"line":107,"column":31}},{"start":{"line":107,"column":31},"end":{"line":107,"column":42}}],"line":107},"12":{"loc":{"start":{"line":121,"column":4},"end":{"line":123,"column":null}},"type":"if","locations":[{"start":{"line":121,"column":4},"end":{"line":123,"column":null}},{"start":{},"end":{}}],"line":121},"13":{"loc":{"start":{"line":170,"column":8},"end":{"line":170,"column":null}},"type":"if","locations":[{"start":{"line":170,"column":8},"end":{"line":170,"column":null}},{"start":{},"end":{}}],"line":170},"14":{"loc":{"start":{"line":173,"column":8},"end":{"line":184,"column":null}},"type":"if","locations":[{"start":{"line":173,"column":8},"end":{"line":184,"column":null}},{"start":{},"end":{}}],"line":173},"15":{"loc":{"start":{"line":174,"column":24},"end":{"line":174,"column":null}},"type":"binary-expr","locations":[{"start":{"line":174,"column":24},"end":{"line":174,"column":68}},{"start":{"line":174,"column":68},"end":{"line":174,"column":null}}],"line":174},"16":{"loc":{"start":{"line":176,"column":28},"end":{"line":178,"column":null}},"type":"cond-expr","locations":[{"start":{"line":176,"column":42},"end":{"line":176,"column":null}},{"start":{"line":177,"column":26},"end":{"line":178,"column":null}}],"line":176},"17":{"loc":{"start":{"line":177,"column":26},"end":{"line":178,"column":null}},"type":"cond-expr","locations":[{"start":{"line":177,"column":40},"end":{"line":177,"column":null}},{"start":{"line":178,"column":26},"end":{"line":178,"column":null}}],"line":177},"18":{"loc":{"start":{"line":187,"column":8},"end":{"line":194,"column":null}},"type":"if","locations":[{"start":{"line":187,"column":8},"end":{"line":194,"column":null}},{"start":{},"end":{}}],"line":187},"19":{"loc":{"start":{"line":197,"column":8},"end":{"line":203,"column":null}},"type":"if","locations":[{"start":{"line":197,"column":8},"end":{"line":203,"column":null}},{"start":{},"end":{}}],"line":197},"20":{"loc":{"start":{"line":228,"column":16},"end":{"line":230,"column":null}},"type":"cond-expr","locations":[{"start":{"line":229,"column":20},"end":{"line":229,"column":null}},{"start":{"line":230,"column":20},"end":{"line":230,"column":null}}],"line":228},"21":{"loc":{"start":{"line":241,"column":9},"end":{"line":325,"column":null}},"type":"cond-expr","locations":[{"start":{"line":242,"column":10},"end":{"line":264,"column":null}},{"start":{"line":266,"column":10},"end":{"line":325,"column":null}}],"line":241},"22":{"loc":{"start":{"line":271,"column":18},"end":{"line":271,"column":null}},"type":"cond-expr","locations":[{"start":{"line":271,"column":46},"end":{"line":271,"column":62}},{"start":{"line":271,"column":62},"end":{"line":271,"column":null}}],"line":271},"23":{"loc":{"start":{"line":274,"column":17},"end":{"line":277,"column":null}},"type":"binary-expr","locations":[{"start":{"line":274,"column":17},"end":{"line":274,"column":null}},{"start":{"line":275,"column":18},"end":{"line":277,"column":null}}],"line":274},"24":{"loc":{"start":{"line":281,"column":20},"end":{"line":283,"column":null}},"type":"cond-expr","locations":[{"start":{"line":282,"column":24},"end":{"line":282,"column":null}},{"start":{"line":283,"column":24},"end":{"line":283,"column":null}}],"line":281},"25":{"loc":{"start":{"line":286,"column":19},"end":{"line":296,"column":null}},"type":"cond-expr","locations":[{"start":{"line":287,"column":20},"end":{"line":294,"column":null}},{"start":{"line":296,"column":20},"end":{"line":296,"column":null}}],"line":286},"26":{"loc":{"start":{"line":289,"column":23},"end":{"line":292,"column":null}},"type":"binary-expr","locations":[{"start":{"line":289,"column":23},"end":{"line":289,"column":null}},{"start":{"line":290,"column":24},"end":{"line":292,"column":null}}],"line":289},"27":{"loc":{"start":{"line":302,"column":13},"end":{"line":317,"column":null}},"type":"binary-expr","locations":[{"start":{"line":302,"column":13},"end":{"line":302,"column":null}},{"start":{"line":303,"column":14},"end":{"line":317,"column":null}}],"line":302},"28":{"loc":{"start":{"line":320,"column":13},"end":{"line":323,"column":null}},"type":"binary-expr","locations":[{"start":{"line":320,"column":13},"end":{"line":320,"column":null}},{"start":{"line":321,"column":14},"end":{"line":323,"column":null}}],"line":320},"29":{"loc":{"start":{"line":344,"column":14},"end":{"line":347,"column":null}},"type":"if","locations":[{"start":{"line":344,"column":14},"end":{"line":347,"column":null}},{"start":{},"end":{}}],"line":344},"30":{"loc":{"start":{"line":344,"column":18},"end":{"line":344,"column":52}},"type":"binary-expr","locations":[{"start":{"line":344,"column":18},"end":{"line":344,"column":39}},{"start":{"line":344,"column":39},"end":{"line":344,"column":52}}],"line":344},"31":{"loc":{"start":{"line":356,"column":22},"end":{"line":356,"column":null}},"type":"binary-expr","locations":[{"start":{"line":356,"column":22},"end":{"line":356,"column":35}},{"start":{"line":356,"column":35},"end":{"line":356,"column":null}}],"line":356},"32":{"loc":{"start":{"line":365,"column":9},"end":{"line":368,"column":null}},"type":"binary-expr","locations":[{"start":{"line":365,"column":9},"end":{"line":365,"column":null}},{"start":{"line":366,"column":10},"end":{"line":368,"column":null}}],"line":365}},"s":{"0":2,"1":2,"2":41,"3":41,"4":41,"5":41,"6":41,"7":41,"8":41,"9":41,"10":41,"11":28,"12":12,"13":41,"14":7,"15":7,"16":7,"17":7,"18":7,"19":7,"20":0,"21":0,"22":0,"23":0,"24":7,"25":0,"26":7,"27":5,"28":7,"29":5,"30":1,"31":1,"32":6,"33":41,"34":6,"35":0,"36":6,"37":6,"38":6,"39":6,"40":6,"41":6,"42":6,"43":6,"44":41,"45":1,"46":1,"47":1,"48":1,"49":41,"50":41,"51":5,"52":5,"53":0,"54":5,"55":0,"56":0,"57":0,"58":0,"59":5,"60":0,"61":5,"62":0,"63":5,"64":41,"65":328,"66":1,"67":112,"68":1,"69":18,"70":1,"71":6,"72":6,"73":6,"74":6,"75":0,"76":0,"77":0,"78":4},"f":{"0":41,"1":28,"2":7,"3":0,"4":0,"5":5,"6":6,"7":6,"8":1,"9":5,"10":5,"11":328,"12":1,"13":112,"14":1,"15":18,"16":1,"17":6,"18":0,"19":4},"b":{"0":[41],"1":[12,16],"2":[7],"3":[0,7],"4":[0,7],"5":[0,0],"6":[0,0],"7":[7,6,6],"8":[5,4],"9":[1,0],"10":[0,6],"11":[6,6],"12":[6,0],"13":[0,5],"14":[0,5],"15":[0,0],"16":[0,0],"17":[0,0],"18":[0,5],"19":[0,5],"20":[3,325],"21":[28,13],"22":[13,5],"23":[18,5],"24":[13,5],"25":[5,13],"26":[5,1],"27":[13,7],"28":[13,1],"29":[0,0],"30":[0,0],"31":[41,34],"32":[41,3]},"meta":{"lastBranch":33,"lastFunction":20,"lastStatement":79,"seen":{"s:4:16:4:Infinity":0,"s:17:62:373:Infinity":1,"f:17:62:17:63":0,"b:17:77:17:80":0,"s:18:30:18:Infinity":2,"s:19:24:19:Infinity":3,"s:20:32:20:Infinity":4,"s:21:24:21:Infinity":5,"s:22:46:22:Infinity":6,"s:23:8:23:Infinity":7,"s:24:8:24:Infinity":8,"s:26:27:35:Infinity":9,"s:37:2:41:Infinity":10,"f:37:12:37:18":1,"b:38:4:40:Infinity:undefined:undefined:undefined:undefined":1,"s:38:4:40:Infinity":11,"s:39:6:39:Infinity":12,"s:43:36:104:Infinity":13,"f:43:36:43:43":2,"b:43:83:43:90":2,"s:44:4:44:Infinity":14,"s:45:4:45:Infinity":15,"s:47:4:103:Infinity":16,"s:48:20:48:Infinity":17,"s:49:22:49:Infinity":18,"b:49:30:49:69:49:69:49:Infinity":3,"b:52:6:94:Infinity:70:13:94:Infinity":4,"s:52:6:94:Infinity":19,"s:53:25:60:Infinity":20,"b:57:22:57:34:57:34:57:Infinity":5,"s:62:35:67:Infinity":21,"s:69:8:69:Infinity":22,"f:69:20:69:28":3,"s:69:28:69:48":23,"s:72:24:75:Infinity":24,"f:72:37:72:45":4,"s:72:45:75:10":25,"b:73:40:73:49:73:49:73:Infinity":6,"s:77:25:84:Infinity":26,"b:81:22:81:34:81:34:81:54:81:54:81:77":7,"s:86:35:91:Infinity":27,"b:90:20:90:32:90:32:90:Infinity":8,"s:93:8:93:Infinity":28,"f:93:20:93:28":5,"s:93:28:93:48":29,"s:96:6:96:Infinity":30,"s:97:6:100:Infinity":31,"b:98:8:98:Infinity:99:8:99:Infinity":9,"s:102:6:102:Infinity":32,"s:106:28:126:Infinity":33,"f:106:28:106:40":6,"b:107:4:107:Infinity:undefined:undefined:undefined:undefined":10,"s:107:4:107:Infinity":34,"b:107:8:107:31:107:31:107:42":11,"s:107:42:107:Infinity":35,"s:109:33:114:Infinity":36,"s:116:4:116:Infinity":37,"f:116:16:116:24":7,"s:116:24:116:46":38,"s:117:24:117:Infinity":39,"s:118:4:118:Infinity":40,"b:121:4:123:Infinity:undefined:undefined:undefined:undefined":12,"s:121:4:123:Infinity":41,"s:122:6:122:Infinity":42,"s:125:4:125:Infinity":43,"s:128:27:140:Infinity":44,"f:128:27:128:34":8,"s:129:4:129:Infinity":45,"s:131:33:136:Infinity":46,"s:138:4:138:Infinity":47,"s:139:4:139:Infinity":48,"s:142:30:163:Infinity":49,"s:165:24:213:Infinity":50,"f:165:24:165:25":9,"s:167:4:212:Infinity":51,"f:169:11:169:12":10,"b:170:8:170:Infinity:undefined:undefined:undefined:undefined":13,"s:170:8:170:Infinity":52,"s:170:37:170:Infinity":53,"b:173:8:184:Infinity:undefined:undefined:undefined:undefined":14,"s:173:8:184:Infinity":54,"s:174:24:174:Infinity":55,"b:174:24:174:68:174:68:174:Infinity":15,"s:175:23:175:Infinity":56,"s:176:28:178:Infinity":57,"b:176:42:176:Infinity:177:26:178:Infinity":16,"b:177:40:177:Infinity:178:26:178:Infinity":17,"s:179:10:182:Infinity":58,"b:187:8:194:Infinity:undefined:undefined:undefined:undefined":18,"s:187:8:194:Infinity":59,"s:188:10:192:Infinity":60,"b:197:8:203:Infinity:undefined:undefined:undefined:undefined":19,"s:197:8:203:Infinity":61,"s:198:10:201:Infinity":62,"s:206:8:209:Infinity":63,"s:215:2:371:Infinity":64,"f:223:32:223:33":11,"s:224:12:234:Infinity":65,"f:226:23:226:29":12,"s:226:29:226:Infinity":66,"b:229:20:229:Infinity:230:20:230:Infinity":20,"b:242:10:264:Infinity:266:10:325:Infinity":21,"f:249:39:249:40":13,"s:250:16:261:Infinity":67,"f:252:27:252:33":14,"s:252:33:252:Infinity":68,"f:267:26:267:27":15,"s:268:14:299:Infinity":69,"b:271:46:271:62:271:62:271:Infinity":22,"b:274:17:274:Infinity:275:18:277:Infinity":23,"b:282:24:282:Infinity:283:24:283:Infinity":24,"b:287:20:294:Infinity:296:20:296:Infinity":25,"b:289:23:289:Infinity:290:24:292:Infinity":26,"f:291:59:291:64":16,"s:291:64:291:89":70,"b:302:13:302:Infinity:303:14:317:Infinity":27,"b:320:13:320:Infinity:321:14:323:Infinity":28,"f:336:22:336:23":17,"s:337:14:337:Infinity":71,"s:339:31:339:Infinity":72,"s:340:14:340:Infinity":73,"s:341:14:341:Infinity":74,"f:343:24:343:25":18,"b:344:14:347:Infinity:undefined:undefined:undefined:undefined":29,"s:344:14:347:Infinity":75,"b:344:18:344:39:344:39:344:52":30,"s:345:16:345:Infinity":76,"s:346:16:346:Infinity":77,"b:356:22:356:35:356:35:356:Infinity":31,"b:365:9:365:Infinity:366:10:368:Infinity":32,"f:367:42:367:47":19,"s:367:47:367:72":78}}}
}
